#
# A fatal error has been detected by the Java Runtime Environment:
#
#  EXCEPTION_ACCESS_VIOLATION (0xc0000005) at pc=0x000001f1fa12911a, pid=15276, tid=12132
#
# JRE version: Java(TM) SE Runtime Environment (17.0.1+12) (build 17.0.1+12-LTS-39)
# Java VM: Java HotSpot(TM) 64-Bit Server VM (17.0.1+12-LTS-39, mixed mode, emulated-client, sharing, tiered, compressed oops, compressed class ptrs, g1 gc, windows-amd64)
# Problematic frame:
# j  pt.ulusofona.tfc.trabalho.controller.FormularioController.showFormularioForm(Lorg/springframework/ui/ModelMap;)Ljava/lang/String;+282
#
# No core dump will be written. Minidumps are not enabled by default on client versions of Windows
#
# If you would like to submit a bug report, please visit:
#   https://bugreport.java.com/bugreport/crash.jsp
#

---------------  S U M M A R Y ------------

Command Line: -XX:TieredStopAtLevel=1 -Xverify:none -Dspring.output.ansi.enabled=always -javaagent:C:\Program Files\JetBrains\IntelliJ IDEA 2021.2.3\lib\idea_rt.jar=50233:C:\Program Files\JetBrains\IntelliJ IDEA 2021.2.3\bin -Dcom.sun.management.jmxremote -Dspring.jmx.enabled=true -Dspring.liveBeansView.mbeanDomain -Dspring.application.admin.enabled=true -Dfile.encoding=UTF-8 pt.ulusofona.tfc.trabalho.TrabalhoApplication

Host: AMD Ryzen 7 4700U with Radeon Graphics         , 8 cores, 15G,  Windows 10 , 64 bit Build 19041 (10.0.19041.1348)
Time: Mon Jan 10 21:05:13 2022 Hora padrão de GMT elapsed time: 17.508268 seconds (0d 0h 0m 17s)

---------------  T H R E A D  ---------------

Current thread (0x000001f191c8cd70):  JavaThread "http-nio-8080-exec-3" daemon [_thread_in_Java, id=12132, stack(0x000000a282a00000,0x000000a282b00000)]

Stack: [0x000000a282a00000,0x000000a282b00000],  sp=0x000000a282afaf00,  free space=1003k
Native frames: (J=compiled Java code, j=interpreted, Vv=VM code, C=native code)
C  0x000001f1fa12911a


siginfo: EXCEPTION_ACCESS_VIOLATION (0xc0000005), reading address 0x00000000ffffffff


Register to memory mapping:

RIP=0x000001f1fa12911a is at code_begin+314 in an Interpreter codelet
invokespecial  183 invokespecial  [0x000001f1fa128fe0, 0x000001f1fa129140]  352 bytes
RAX=0x0 is NULL
RBX={method} {0x000001f196ec1770} '<init>' '(Ljava/lang/String;ZZLjava/lang/String;Ljava/lang/String;Ljava/lang/String;ZZLjava/lang/String;ZZZZLjava/lang/String;ZZLjava/lang/String;ZZLjava/lang/String;ZZZZLjava/lang/String;ZLjava/lang/String;ZLjava/lang/String;ZZZZZZZZZZZLjava/lang/String;ZLjava/lang/String;ZZZZZLjava/lang/String;ZZZZZLjava/lang/String;ZZLjava/lang/String;ZZZZZLjava/lang/String;ZZZLjava/lang/String;ZLjava/lang/String;ZLjava/lang/String;ZZZZZLjava/lang/String;ZZLjava/lang/String;ZZZZZZZZZZLjava/lang/String;ZLjava/lang/String;ZLjava/lang/String;ZLjava/lang/String;ZZZLjava/lang/String;ZLjava/lang/String;ZZZZZZZZZLjava/lang/String;ZLjava/lang/String;ZLjava/lang/String;ZLjava/lang/String;ZZLjava/lang/String;ZLjava/lang/String;ZZZZZZZZZLjava/lang/String;ZLjava/lang/String;ZLjava/lang/String;ZLjava/lang/String;ZZZLjava/lang/String;ZZZZZZZZZLjava/lang/String;ZLjava/lang/String;ZLjava/lang/String;ZLjava/lang/String;ZZZZZZZZZZLjava/lang/String;ZLjava/lang/String;ZLjava/lang/String;ZLjava/lang/String;Ljava/lang/String;ZZZZZZLjava/lang/String;ZZZZZZZZLjava/lang/String;ZZZLjava/lang/String;ZZZLjava/lang/String;ZLjava/lang/String;ZLjava/lang/String;ZLjava/lang/String;ZLjava/lang/String;Ljava/lang/String;ZZZZZZLjava/lang/String;Ljava/lang/String;Ljava/lang/String;Ljava/lang/String;Ljava/lang/String;ZZZZZLjava/lang/String;ZZLjava/lang/String;ZZZZZLjava/lang/String;ZZLjava/lang/String;ZZZZZLjava/lang/String;ZZLjava/lang/String;ZZZZIIIIIIIILkotlin/jvm/internal/DefaultConstructorMarker;)V' in 'pt/ulusofona/tfc/trabalho/form/FormularioForm'
RCX=0x00000000ffffffff is an unknown value
RDX=0x000001f1fa1193d6 is at code_begin+822 in an Interpreter codelet
return entry points  [0x000001f1fa1190a0, 0x000001f1fa1198c0]  2080 bytes
RSP=0x000000a282afaf00 is pointing into the stack for thread: 0x000001f191c8cd70
RBP=0x000000a282afb798 is pointing into the stack for thread: 0x000001f191c8cd70
RSI=0x000000a282afbc70 is pointing into the stack for thread: 0x000001f191c8cd70
RDI=0x000001f191c8cd70 is a thread
R8 =0x0000000000000006 is an unknown value
R9 =0x0000000000000006 is an unknown value
R10=0x00007fffd5feab30 jvm.dll
R11={method} {0x000001f196ec1770} '<init>' '(Ljava/lang/String;ZZLjava/lang/String;Ljava/lang/String;Ljava/lang/String;ZZLjava/lang/String;ZZZZLjava/lang/String;ZZLjava/lang/String;ZZLjava/lang/String;ZZZZLjava/lang/String;ZLjava/lang/String;ZLjava/lang/String;ZZZZZZZZZZZLjava/lang/String;ZLjava/lang/String;ZZZZZLjava/lang/String;ZZZZZLjava/lang/String;ZZLjava/lang/String;ZZZZZLjava/lang/String;ZZZLjava/lang/String;ZLjava/lang/String;ZLjava/lang/String;ZZZZZLjava/lang/String;ZZLjava/lang/String;ZZZZZZZZZZLjava/lang/String;ZLjava/lang/String;ZLjava/lang/String;ZLjava/lang/String;ZZZLjava/lang/String;ZLjava/lang/String;ZZZZZZZZZLjava/lang/String;ZLjava/lang/String;ZLjava/lang/String;ZLjava/lang/String;ZZLjava/lang/String;ZLjava/lang/String;ZZZZZZZZZLjava/lang/String;ZLjava/lang/String;ZLjava/lang/String;ZLjava/lang/String;ZZZLjava/lang/String;ZZZZZZZZZLjava/lang/String;ZLjava/lang/String;ZLjava/lang/String;ZLjava/lang/String;ZZZZZZZZZZLjava/lang/String;ZLjava/lang/String;ZLjava/lang/String;ZLjava/lang/String;Ljava/lang/String;ZZZZZZLjava/lang/String;ZZZZZZZZLjava/lang/String;ZZZLjava/lang/String;ZZZLjava/lang/String;ZLjava/lang/String;ZLjava/lang/String;ZLjava/lang/String;ZLjava/lang/String;Ljava/lang/String;ZZZZZZLjava/lang/String;Ljava/lang/String;Ljava/lang/String;Ljava/lang/String;Ljava/lang/String;ZZZZZLjava/lang/String;ZZLjava/lang/String;ZZZZZLjava/lang/String;ZZLjava/lang/String;ZZZZZLjava/lang/String;ZZLjava/lang/String;ZZZZIIIIIIIILkotlin/jvm/internal/DefaultConstructorMarker;)V' in 'pt/ulusofona/tfc/trabalho/form/FormularioForm'
R12=0x0 is NULL
R13=0x000001f191aa0f1a is pointing into metadata
R14=0x000000a282afb7d0 is pointing into the stack for thread: 0x000001f191c8cd70
R15=0x000001f191c8cd70 is a thread


Registers:
RAX=0x0000000000000000, RBX=0x000001f196ec1768, RCX=0x00000000ffffffff, RDX=0x000001f1fa1193d6
RSP=0x000000a282afaf00, RBP=0x000000a282afb798, RSI=0x000000a282afbc70, RDI=0x000001f191c8cd70
R8 =0x0000000000000006, R9 =0x0000000000000006, R10=0x00007fffd5feab30, R11=0x000001f196ec1768
R12=0x0000000000000000, R13=0x000001f191aa0f1a, R14=0x000000a282afb7d0, R15=0x000001f191c8cd70
RIP=0x000001f1fa12911a, EFLAGS=0x0000000000010216

Top of Stack: (sp=0x000000a282afaf00)
0x000000a282afaf00:   000001f1fa1193d6 0000000000000000
0x000000a282afaf10:   000000003fffffff 00000000ffffffff
0x000000a282afaf20:   00000000ffffffff 00000000ffffffff
0x000000a282afaf30:   00000000ffffffff 00000000ffffffff
0x000000a282afaf40:   00000000ffffffff 00000000ffffffff
0x000000a282afaf50:   0000000000000000 0000000000000000
0x000000a282afaf60:   0000000000000000 0000000000000000
0x000000a282afaf70:   0000000000000000 0000000000000000
0x000000a282afaf80:   0000000000000000 0000000000000000
0x000000a282afaf90:   0000000000000000 0000000000000000
0x000000a282afafa0:   0000000000000000 0000000000000000
0x000000a282afafb0:   0000000000000000 0000000000000000
0x000000a282afafc0:   0000000000000000 0000000000000000
0x000000a282afafd0:   0000000000000000 0000000000000000
0x000000a282afafe0:   0000000000000000 0000000000000000
0x000000a282afaff0:   0000000000000000 0000000000000000 

Instructions: (pc=0x000001f1fa12911a)
0x000001f1fa12901a:   55 01 48 8b 4d d0 c1 e2 02 8b 5c d1 20 c1 eb 10
0x000001f1fa12902a:   81 e3 ff 00 00 00 81 fb b7 00 00 00 0f 84 b6 00
0x000001f1fa12903a:   00 00 bb b7 00 00 00 e8 05 00 00 00 e9 9b 00 00
0x000001f1fa12904a:   00 48 8b d3 48 8d 44 24 08 4c 89 6d c0 49 8b cf
0x000001f1fa12905a:   c5 f8 77 49 89 af 98 02 00 00 49 89 87 88 02 00
0x000001f1fa12906a:   00 48 83 ec 20 f7 c4 0f 00 00 00 0f 84 1a 00 00
0x000001f1fa12907a:   00 48 83 ec 08 49 ba 10 e6 85 d5 ff 7f 00 00 41
0x000001f1fa12908a:   ff d2 48 83 c4 08 e9 0d 00 00 00 49 ba 10 e6 85
0x000001f1fa12909a:   d5 ff 7f 00 00 41 ff d2 48 83 c4 20 49 c7 87 88
0x000001f1fa1290aa:   02 00 00 00 00 00 00 49 c7 87 98 02 00 00 00 00
0x000001f1fa1290ba:   00 00 49 c7 87 90 02 00 00 00 00 00 00 c5 f8 77
0x000001f1fa1290ca:   49 81 7f 08 00 00 00 00 0f 84 05 00 00 00 e9 23
0x000001f1fa1290da:   7e fe ff 4c 8b 6d c0 4c 8b 75 c8 c3 41 0f b7 55
0x000001f1fa1290ea:   01 48 8b 4d d0 c1 e2 02 48 8b 5c d1 28 8b 54 d1
0x000001f1fa1290fa:   38 8b ca 81 e1 ff 00 00 00 48 8b 4c cc f8 c1 ea
0x000001f1fa12910a:   1c 49 ba 30 ab fe d5 ff 7f 00 00 49 8b 14 d2 52
0x000001f1fa12911a:   48 3b 01 4c 8d 6c 24 08 4c 89 6d f0 ff 63 50 0f
0x000001f1fa12912a:   1f 80 00 00 00 00 00 00 00 00 00 00 00 00 00 00
0x000001f1fa12913a:   00 00 00 00 00 00 a0 01 00 00 00 00 00 00 40 74
0x000001f1fa12914a:   d9 d5 ff 7f 00 00 b8 00 00 00 00 00 00 00 00 00
0x000001f1fa12915a:   00 00 00 00 00 00 48 83 ec 08 c5 fa 11 04 24 e9
0x000001f1fa12916a:   25 00 00 00 48 83 ec 10 c5 fb 11 04 24 e9 17 00
0x000001f1fa12917a:   00 00 48 83 ec 10 48 89 04 24 48 c7 44 24 08 00
0x000001f1fa12918a:   00 00 00 e9 01 00 00 00 50 4c 89 6d c0 41 0f b7
0x000001f1fa12919a:   55 01 48 8b 4d d0 c1 e2 02 8b 5c d1 20 c1 eb 10
0x000001f1fa1291aa:   81 e3 ff 00 00 00 81 fb b8 00 00 00 0f 84 b6 00
0x000001f1fa1291ba:   00 00 bb b8 00 00 00 e8 05 00 00 00 e9 9b 00 00
0x000001f1fa1291ca:   00 48 8b d3 48 8d 44 24 08 4c 89 6d c0 49 8b cf
0x000001f1fa1291da:   c5 f8 77 49 89 af 98 02 00 00 49 89 87 88 02 00
0x000001f1fa1291ea:   00 48 83 ec 20 f7 c4 0f 00 00 00 0f 84 1a 00 00
0x000001f1fa1291fa:   00 48 83 ec 08 49 ba 10 e6 85 d5 ff 7f 00 00 41
0x000001f1fa12920a:   ff d2 48 83 c4 08 e9 0d 00 00 00 49 ba 10 e6 85 


Stack slot to memory mapping:
stack at sp + 0 slots: 0x000001f1fa1193d6 is at code_begin+822 in an Interpreter codelet
return entry points  [0x000001f1fa1190a0, 0x000001f1fa1198c0]  2080 bytes
stack at sp + 1 slots: 0x0 is NULL
stack at sp + 2 slots: 0x000000003fffffff is an unknown value
stack at sp + 3 slots: 0x00000000ffffffff is an unknown value
stack at sp + 4 slots: 0x00000000ffffffff is an unknown value
stack at sp + 5 slots: 0x00000000ffffffff is an unknown value
stack at sp + 6 slots: 0x00000000ffffffff is an unknown value
stack at sp + 7 slots: 0x00000000ffffffff is an unknown value

invokespecial  183 invokespecial  [0x000001f1fa128fe0, 0x000001f1fa129140]  352 bytes
[MachCode]
  0x000001f1fa128fe0: 4883 ec08 | c5fa 1104 | 24e9 2500 | 0000 4883 | ec10 c5fb | 1104 24e9 | 1700 0000 | 4883 ec10 
  0x000001f1fa129000: 4889 0424 | 48c7 4424 | 0800 0000 | 00e9 0100 | 0000 504c | 896d c041 | 0fb7 5501 | 488b 4dd0 
  0x000001f1fa129020: c1e2 028b | 5cd1 20c1 | eb10 81e3 | ff00 0000 | 81fb b700 | 0000 0f84 | b600 0000 | bbb7 0000 
  0x000001f1fa129040: 00e8 0500 | 0000 e99b | 0000 0048 | 8bd3 488d | 4424 084c | 896d c049 | 8bcf c5f8 | 7749 89af 
  0x000001f1fa129060: 9802 0000 | 4989 8788 | 0200 0048 | 83ec 20f7 | c40f 0000 | 000f 841a | 0000 0048 | 83ec 0849 
  0x000001f1fa129080: ba10 e685 | d5ff 7f00 | 0041 ffd2 | 4883 c408 | e90d 0000 | 0049 ba10 | e685 d5ff | 7f00 0041 
  0x000001f1fa1290a0: ffd2 4883 | c420 49c7 | 8788 0200 | 0000 0000 | 0049 c787 | 9802 0000 | 0000 0000 | 49c7 8790 
  0x000001f1fa1290c0: 0200 0000 | 0000 00c5 | f877 4981 | 7f08 0000 | 0000 0f84 | 0500 0000 | e923 7efe | ff4c 8b6d 
  0x000001f1fa1290e0: c04c 8b75 | c8c3 410f | b755 0148 | 8b4d d0c1 | e202 488b | 5cd1 288b | 54d1 388b | ca81 e1ff 
  0x000001f1fa129100: 0000 0048 | 8b4c ccf8 | c1ea 1c49 | ba30 abfe | d5ff 7f00 | 0049 8b14 | d252 483b | 014c 8d6c 
  0x000001f1fa129120: 2408 4c89 | 6df0 ff63 | 500f 1f80 | 0000 0000 | 0000 0000 | 0000 0000 | 0000 0000 | 0000 0000 
[/MachCode]

---------------  P R O C E S S  ---------------

Threads class SMR info:
_java_thread_list=0x000001f19631dde0, length=30, elements={
0x000001f1ff4227b0, 0x000001f1ff423420, 0x000001f1ff437bb0, 0x000001f1ff438560,
0x000001f1ff438f10, 0x000001f1ff4398c0, 0x000001f1ff43a320, 0x000001f1ff43ad10,
0x000001f1ff46e780, 0x000001f1920cb4a0, 0x000001f1920cb970, 0x000001f1922b2780,
0x000001f193957750, 0x000001f193966d30, 0x000001f193e58fa0, 0x000001f193e5baf0,
0x000001f193e59e10, 0x000001f193e5ac80, 0x000001f193e5c490, 0x000001f193e5bfc0,
0x000001f193e5a2e0, 0x000001f193e59470, 0x000001f193e5a7b0, 0x000001f193e5b150,
0x000001f191c8d710, 0x000001f191c8f3f0, 0x000001f191c8c8a0, 0x000001f191cb5da0,
0x000001f191c8b560, 0x000001f191c8cd70
}

Java Threads: ( => current thread )
  0x000001f1ff4227b0 JavaThread "Reference Handler" daemon [_thread_blocked, id=6440, stack(0x000000a280500000,0x000000a280600000)]
  0x000001f1ff423420 JavaThread "Finalizer" daemon [_thread_blocked, id=3576, stack(0x000000a280600000,0x000000a280700000)]
  0x000001f1ff437bb0 JavaThread "Signal Dispatcher" daemon [_thread_blocked, id=19188, stack(0x000000a280700000,0x000000a280800000)]
  0x000001f1ff438560 JavaThread "Attach Listener" daemon [_thread_blocked, id=8616, stack(0x000000a280800000,0x000000a280900000)]
  0x000001f1ff438f10 JavaThread "Service Thread" daemon [_thread_blocked, id=8272, stack(0x000000a280900000,0x000000a280a00000)]
  0x000001f1ff4398c0 JavaThread "Monitor Deflation Thread" daemon [_thread_blocked, id=12728, stack(0x000000a280a00000,0x000000a280b00000)]
  0x000001f1ff43a320 JavaThread "C1 CompilerThread0" daemon [_thread_blocked, id=9328, stack(0x000000a280b00000,0x000000a280c00000)]
  0x000001f1ff43ad10 JavaThread "Sweeper thread" daemon [_thread_blocked, id=16212, stack(0x000000a280c00000,0x000000a280d00000)]
  0x000001f1ff46e780 JavaThread "Common-Cleaner" daemon [_thread_blocked, id=15648, stack(0x000000a280d00000,0x000000a280e00000)]
  0x000001f1920cb4a0 JavaThread "Monitor Ctrl-Break" daemon [_thread_in_native, id=7744, stack(0x000000a281000000,0x000000a281100000)]
  0x000001f1920cb970 JavaThread "Notification Thread" daemon [_thread_blocked, id=2416, stack(0x000000a281100000,0x000000a281200000)]
  0x000001f1922b2780 JavaThread "RMI TCP Accept-0" daemon [_thread_in_native, id=788, stack(0x000000a281200000,0x000000a281300000)]
  0x000001f193957750 JavaThread "RMI TCP Connection(2)-192.168.1.151" daemon [_thread_in_native, id=14320, stack(0x000000a282100000,0x000000a282200000)]
  0x000001f193966d30 JavaThread "RMI Scheduler(0)" daemon [_thread_blocked, id=13448, stack(0x000000a282200000,0x000000a282300000)]
  0x000001f193e58fa0 JavaThread "RMI TCP Connection(5)-192.168.1.151" daemon [_thread_in_native, id=15996, stack(0x000000a282400000,0x000000a282500000)]
  0x000001f193e5baf0 JavaThread "Catalina-utility-1" [_thread_blocked, id=2552, stack(0x000000a282000000,0x000000a282100000)]
  0x000001f193e59e10 JavaThread "Catalina-utility-2" [_thread_blocked, id=17512, stack(0x000000a282500000,0x000000a282600000)]
  0x000001f193e5ac80 JavaThread "container-0" [_thread_blocked, id=6488, stack(0x000000a282600000,0x000000a282700000)]
  0x000001f193e5c490 JavaThread "mysql-cj-abandoned-connection-cleanup" daemon [_thread_blocked, id=17832, stack(0x000000a282700000,0x000000a282800000)]
  0x000001f193e5bfc0 JavaThread "HikariPool-1 housekeeper" daemon [_thread_blocked, id=4180, stack(0x000000a282900000,0x000000a282a00000)]
  0x000001f193e5a2e0 JavaThread "File Watcher" daemon [_thread_blocked, id=19056, stack(0x000000a282b00000,0x000000a282c00000)]
  0x000001f193e59470 JavaThread "Live Reload Server" daemon [_thread_in_native, id=2904, stack(0x000000a282d00000,0x000000a282e00000)]
  0x000001f193e5a7b0 JavaThread "http-nio-8080-Poller" daemon [_thread_in_native, id=13832, stack(0x000000a282c00000,0x000000a282d00000)]
  0x000001f193e5b150 JavaThread "http-nio-8080-Acceptor" daemon [_thread_in_native, id=16952, stack(0x000000a282e00000,0x000000a282f00000)]
  0x000001f191c8d710 JavaThread "DestroyJavaVM" [_thread_blocked, id=13212, stack(0x000000a2ffe00000,0x000000a2fff00000)]
  0x000001f191c8f3f0 JavaThread "RMI TCP Connection(idle)" daemon [_thread_blocked, id=7304, stack(0x000000a281f00000,0x000000a282000000)]
  0x000001f191c8c8a0 JavaThread "http-nio-8080-exec-1" daemon [_thread_blocked, id=7004, stack(0x000000a280e00000,0x000000a280f00000)]
  0x000001f191cb5da0 JavaThread "C1 CompilerThread1" daemon [_thread_blocked, id=13336, stack(0x000000a280f00000,0x000000a281000000)]
  0x000001f191c8b560 JavaThread "http-nio-8080-exec-2" daemon [_thread_blocked, id=7516, stack(0x000000a281400000,0x000000a281500000)]
=>0x000001f191c8cd70 JavaThread "http-nio-8080-exec-3" daemon [_thread_in_Java, id=12132, stack(0x000000a282a00000,0x000000a282b00000)]

Other Threads:
  0x000001f1ff41dcb0 VMThread "VM Thread" [stack: 0x000000a280400000,0x000000a280500000] [id=6296]
  0x000001f1fa0a4000 WatcherThread [stack: 0x000000a281300000,0x000000a281400000] [id=6448]
  0x000001f1fa08ba20 GCTaskThread "GC Thread#0" [stack: 0x000000a2fff00000,0x000000a300000000] [id=19352]
  0x000001f192539a80 GCTaskThread "GC Thread#1" [stack: 0x000000a281500000,0x000000a281600000] [id=9236]
  0x000001f192572f50 GCTaskThread "GC Thread#2" [stack: 0x000000a281600000,0x000000a281700000] [id=1384]
  0x000001f192570890 GCTaskThread "GC Thread#3" [stack: 0x000000a281700000,0x000000a281800000] [id=18196]
  0x000001f192570b40 GCTaskThread "GC Thread#4" [stack: 0x000000a281800000,0x000000a281900000] [id=16560]
  0x000001f192571a10 GCTaskThread "GC Thread#5" [stack: 0x000000a281900000,0x000000a281a00000] [id=17088]
  0x000001f19257bde0 GCTaskThread "GC Thread#6" [stack: 0x000000a281a00000,0x000000a281b00000] [id=10724]
  0x000001f19257c090 GCTaskThread "GC Thread#7" [stack: 0x000000a281b00000,0x000000a281c00000] [id=11464]
  0x000001f1fa09d030 ConcurrentGCThread "G1 Main Marker" [stack: 0x000000a280000000,0x000000a280100000] [id=18088]
  0x000001f1fa09e1e0 ConcurrentGCThread "G1 Conc#0" [stack: 0x000000a280100000,0x000000a280200000] [id=16836]
  0x000001f193d28040 ConcurrentGCThread "G1 Conc#1" [stack: 0x000000a282300000,0x000000a282400000] [id=13204]
  0x000001f1fa10db20 ConcurrentGCThread "G1 Refine#0" [stack: 0x000000a280200000,0x000000a280300000] [id=11316]
  0x000001f1925baf70 ConcurrentGCThread "G1 Refine#1" [stack: 0x000000a281c00000,0x000000a281d00000] [id=8060]
  0x000001f1925bb250 ConcurrentGCThread "G1 Refine#2" [stack: 0x000000a281d00000,0x000000a281e00000] [id=18988]
  0x000001f1fa10e440 ConcurrentGCThread "G1 Service" [stack: 0x000000a280300000,0x000000a280400000] [id=16860]

Threads with active compile tasks:

VM state: not at safepoint (normal execution)

VM Mutex/Monitor currently owned by a thread: None

Heap address: 0x0000000709400000, size: 3948 MB, Compressed Oops mode: Zero based, Oop shift amount: 3

CDS archive(s) mapped at: [0x0000000800000000-0x0000000800bc0000-0x0000000800bc0000), size 12320768, SharedBaseAddress: 0x0000000800000000, ArchiveRelocationMode: 0.
Compressed class space mapped at: 0x0000000800c00000-0x0000000840c00000, reserved size: 1073741824
Narrow klass base: 0x0000000800000000, Narrow klass shift: 0, Narrow klass range: 0x100000000

GC Precious Log:
 CPUs: 8 total, 8 available
 Memory: 15791M
 Large Page Support: Disabled
 NUMA Support: Disabled
 Compressed Oops: Enabled (Zero based)
 Heap Region Size: 2M
 Heap Min Capacity: 8M
 Heap Initial Capacity: 248M
 Heap Max Capacity: 3948M
 Pre-touch: Disabled
 Parallel Workers: 8
 Concurrent Workers: 2
 Concurrent Refinement Workers: 8
 Periodic GC: Disabled

Heap:
 garbage-first heap   total 131072K, used 35467K [0x0000000709400000, 0x0000000800000000)
  region size 2048K, 6 young (12288K), 5 survivors (10240K)
 Metaspace       used 60022K, committed 60480K, reserved 1105920K
  class space    used 8151K, committed 8384K, reserved 1048576K

Heap Regions: E=young(eden), S=young(survivor), O=old, HS=humongous(starts), HC=humongous(continues), CS=collection set, F=free, OA=open archive, CA=closed archive, TAMS=top-at-mark-start (previous, next)
|   0|0x0000000709400000, 0x0000000709600000, 0x0000000709600000|100%| O|  |TAMS 0x0000000709600000, 0x0000000709400000| Untracked 
|   1|0x0000000709600000, 0x0000000709800000, 0x0000000709800000|100%| O|  |TAMS 0x0000000709800000, 0x0000000709600000| Untracked 
|   2|0x0000000709800000, 0x0000000709a00000, 0x0000000709a00000|100%| O|  |TAMS 0x0000000709a00000, 0x0000000709800000| Untracked 
|   3|0x0000000709a00000, 0x0000000709c00000, 0x0000000709c00000|100%| O|  |TAMS 0x0000000709c00000, 0x0000000709a00000| Untracked 
|   4|0x0000000709c00000, 0x0000000709e00000, 0x0000000709e00000|100%| O|  |TAMS 0x0000000709e00000, 0x0000000709c00000| Untracked 
|   5|0x0000000709e00000, 0x000000070a000000, 0x000000070a000000|100%| O|  |TAMS 0x000000070a000000, 0x0000000709e00000| Untracked 
|   6|0x000000070a000000, 0x000000070a154400, 0x000000070a200000| 66%| O|  |TAMS 0x000000070a154400, 0x000000070a000000| Untracked 
|   7|0x000000070a200000, 0x000000070a400000, 0x000000070a400000|100%| O|  |TAMS 0x000000070a400000, 0x000000070a200000| Untracked 
|   8|0x000000070a400000, 0x000000070a600000, 0x000000070a600000|100%| O|  |TAMS 0x000000070a600000, 0x000000070a400000| Untracked 
|   9|0x000000070a600000, 0x000000070a800000, 0x000000070a800000|100%| O|  |TAMS 0x000000070a800000, 0x000000070a600000| Untracked 
|  10|0x000000070a800000, 0x000000070aa00000, 0x000000070aa00000|100%| O|  |TAMS 0x000000070aa00000, 0x000000070a800000| Untracked 
|  11|0x000000070aa00000, 0x000000070ac00000, 0x000000070ac00000|100%| O|  |TAMS 0x000000070ac00000, 0x000000070aa00000| Untracked 
|  12|0x000000070ac00000, 0x000000070ac00000, 0x000000070ae00000|  0%| F|  |TAMS 0x000000070ac00000, 0x000000070ac00000| Untracked 
|  13|0x000000070ae00000, 0x000000070ae00000, 0x000000070b000000|  0%| F|  |TAMS 0x000000070ae00000, 0x000000070ae00000| Untracked 
|  14|0x000000070b000000, 0x000000070b000000, 0x000000070b200000|  0%| F|  |TAMS 0x000000070b000000, 0x000000070b000000| Untracked 
|  15|0x000000070b200000, 0x000000070b400000, 0x000000070b400000|100%| O|  |TAMS 0x000000070b400000, 0x000000070b200000| Untracked 
|  16|0x000000070b400000, 0x000000070b400000, 0x000000070b600000|  0%| F|  |TAMS 0x000000070b400000, 0x000000070b400000| Untracked 
|  17|0x000000070b600000, 0x000000070b600000, 0x000000070b800000|  0%| F|  |TAMS 0x000000070b600000, 0x000000070b600000| Untracked 
|  18|0x000000070b800000, 0x000000070b800000, 0x000000070ba00000|  0%| F|  |TAMS 0x000000070b800000, 0x000000070b800000| Untracked 
|  19|0x000000070ba00000, 0x000000070ba00000, 0x000000070bc00000|  0%| F|  |TAMS 0x000000070ba00000, 0x000000070ba00000| Untracked 
|  20|0x000000070bc00000, 0x000000070bc00000, 0x000000070be00000|  0%| F|  |TAMS 0x000000070bc00000, 0x000000070bc00000| Untracked 
|  21|0x000000070be00000, 0x000000070be00000, 0x000000070c000000|  0%| F|  |TAMS 0x000000070be00000, 0x000000070be00000| Untracked 
|  22|0x000000070c000000, 0x000000070c000000, 0x000000070c200000|  0%| F|  |TAMS 0x000000070c000000, 0x000000070c000000| Untracked 
|  23|0x000000070c200000, 0x000000070c200000, 0x000000070c400000|  0%| F|  |TAMS 0x000000070c200000, 0x000000070c200000| Untracked 
|  24|0x000000070c400000, 0x000000070c400000, 0x000000070c600000|  0%| F|  |TAMS 0x000000070c400000, 0x000000070c400000| Untracked 
|  25|0x000000070c600000, 0x000000070c600000, 0x000000070c800000|  0%| F|  |TAMS 0x000000070c600000, 0x000000070c600000| Untracked 
|  26|0x000000070c800000, 0x000000070c800000, 0x000000070ca00000|  0%| F|  |TAMS 0x000000070c800000, 0x000000070c800000| Untracked 
|  27|0x000000070ca00000, 0x000000070ca00000, 0x000000070cc00000|  0%| F|  |TAMS 0x000000070ca00000, 0x000000070ca00000| Untracked 
|  28|0x000000070cc00000, 0x000000070cc00000, 0x000000070ce00000|  0%| F|  |TAMS 0x000000070cc00000, 0x000000070cc00000| Untracked 
|  29|0x000000070ce00000, 0x000000070ce00000, 0x000000070d000000|  0%| F|  |TAMS 0x000000070ce00000, 0x000000070ce00000| Untracked 
|  30|0x000000070d000000, 0x000000070d000000, 0x000000070d200000|  0%| F|  |TAMS 0x000000070d000000, 0x000000070d000000| Untracked 
|  31|0x000000070d200000, 0x000000070d200000, 0x000000070d400000|  0%| F|  |TAMS 0x000000070d200000, 0x000000070d200000| Untracked 
|  32|0x000000070d400000, 0x000000070d400000, 0x000000070d600000|  0%| F|  |TAMS 0x000000070d400000, 0x000000070d400000| Untracked 
|  33|0x000000070d600000, 0x000000070d600000, 0x000000070d800000|  0%| F|  |TAMS 0x000000070d600000, 0x000000070d600000| Untracked 
|  34|0x000000070d800000, 0x000000070d800000, 0x000000070da00000|  0%| F|  |TAMS 0x000000070d800000, 0x000000070d800000| Untracked 
|  35|0x000000070da00000, 0x000000070da00000, 0x000000070dc00000|  0%| F|  |TAMS 0x000000070da00000, 0x000000070da00000| Untracked 
|  36|0x000000070dc00000, 0x000000070dc00000, 0x000000070de00000|  0%| F|  |TAMS 0x000000070dc00000, 0x000000070dc00000| Untracked 
|  37|0x000000070de00000, 0x000000070de00000, 0x000000070e000000|  0%| F|  |TAMS 0x000000070de00000, 0x000000070de00000| Untracked 
|  38|0x000000070e000000, 0x000000070e14e920, 0x000000070e200000| 65%| S|CS|TAMS 0x000000070e000000, 0x000000070e000000| Complete 
|  39|0x000000070e200000, 0x000000070e400000, 0x000000070e400000|100%| S|CS|TAMS 0x000000070e200000, 0x000000070e200000| Complete 
|  40|0x000000070e400000, 0x000000070e600000, 0x000000070e600000|100%| S|CS|TAMS 0x000000070e400000, 0x000000070e400000| Complete 
|  41|0x000000070e600000, 0x000000070e800000, 0x000000070e800000|100%| S|CS|TAMS 0x000000070e600000, 0x000000070e600000| Complete 
|  42|0x000000070e800000, 0x000000070ea00000, 0x000000070ea00000|100%| S|CS|TAMS 0x000000070e800000, 0x000000070e800000| Complete 
|  43|0x000000070ea00000, 0x000000070ea00000, 0x000000070ec00000|  0%| F|  |TAMS 0x000000070ea00000, 0x000000070ea00000| Untracked 
|  44|0x000000070ec00000, 0x000000070ec00000, 0x000000070ee00000|  0%| F|  |TAMS 0x000000070ec00000, 0x000000070ec00000| Untracked 
|  45|0x000000070ee00000, 0x000000070ee00000, 0x000000070f000000|  0%| F|  |TAMS 0x000000070ee00000, 0x000000070ee00000| Untracked 
|  46|0x000000070f000000, 0x000000070f000000, 0x000000070f200000|  0%| F|  |TAMS 0x000000070f000000, 0x000000070f000000| Untracked 
|  47|0x000000070f200000, 0x000000070f200000, 0x000000070f400000|  0%| F|  |TAMS 0x000000070f200000, 0x000000070f200000| Untracked 
|  48|0x000000070f400000, 0x000000070f400000, 0x000000070f600000|  0%| F|  |TAMS 0x000000070f400000, 0x000000070f400000| Untracked 
|  49|0x000000070f600000, 0x000000070f600000, 0x000000070f800000|  0%| F|  |TAMS 0x000000070f600000, 0x000000070f600000| Untracked 
|  50|0x000000070f800000, 0x000000070f800000, 0x000000070fa00000|  0%| F|  |TAMS 0x000000070f800000, 0x000000070f800000| Untracked 
|  51|0x000000070fa00000, 0x000000070fa00000, 0x000000070fc00000|  0%| F|  |TAMS 0x000000070fa00000, 0x000000070fa00000| Untracked 
|  52|0x000000070fc00000, 0x000000070fc00000, 0x000000070fe00000|  0%| F|  |TAMS 0x000000070fc00000, 0x000000070fc00000| Untracked 
|  53|0x000000070fe00000, 0x000000070fe00000, 0x0000000710000000|  0%| F|  |TAMS 0x000000070fe00000, 0x000000070fe00000| Untracked 
|  54|0x0000000710000000, 0x0000000710000000, 0x0000000710200000|  0%| F|  |TAMS 0x0000000710000000, 0x0000000710000000| Untracked 
|  55|0x0000000710200000, 0x0000000710200000, 0x0000000710400000|  0%| F|  |TAMS 0x0000000710200000, 0x0000000710200000| Untracked 
|  56|0x0000000710400000, 0x0000000710400000, 0x0000000710600000|  0%| F|  |TAMS 0x0000000710400000, 0x0000000710400000| Untracked 
|  57|0x0000000710600000, 0x0000000710600000, 0x0000000710800000|  0%| F|  |TAMS 0x0000000710600000, 0x0000000710600000| Untracked 
|  58|0x0000000710800000, 0x0000000710800000, 0x0000000710a00000|  0%| F|  |TAMS 0x0000000710800000, 0x0000000710800000| Untracked 
|  59|0x0000000710a00000, 0x0000000710a00000, 0x0000000710c00000|  0%| F|  |TAMS 0x0000000710a00000, 0x0000000710a00000| Untracked 
|  60|0x0000000710c00000, 0x0000000710c00000, 0x0000000710e00000|  0%| F|  |TAMS 0x0000000710c00000, 0x0000000710c00000| Untracked 
|  61|0x0000000710e00000, 0x0000000710e00000, 0x0000000711000000|  0%| F|  |TAMS 0x0000000710e00000, 0x0000000710e00000| Untracked 
|  62|0x0000000711000000, 0x0000000711000000, 0x0000000711200000|  0%| F|  |TAMS 0x0000000711000000, 0x0000000711000000| Untracked 
| 123|0x0000000718a00000, 0x0000000718c00000, 0x0000000718c00000|100%| E|  |TAMS 0x0000000718a00000, 0x0000000718a00000| Complete 

Card table byte_map: [0x000001f1fd9e0000,0x000001f1fe1a0000] _byte_map_base: 0x000001f1fa196000

Marking Bits (Prev, Next): (CMBitMap*) 0x000001f1fa08c070, (CMBitMap*) 0x000001f1fa08c030
 Prev Bits: [0x000001f18b4e0000, 0x000001f18f290000)
 Next Bits: [0x000001f187730000, 0x000001f18b4e0000)

Polling page: 0x000001f1f8010000

Metaspace:

Usage:
  Non-class:     50.65 MB used.
      Class:      7.96 MB used.
       Both:     58.62 MB used.

Virtual space:
  Non-class space:       56.00 MB reserved,      50.88 MB ( 91%) committed,  7 nodes.
      Class space:        1.00 GB reserved,       8.19 MB ( <1%) committed,  1 nodes.
             Both:        1.05 GB reserved,      59.06 MB (  5%) committed. 

Chunk freelists:
   Non-Class:  464.00 KB
       Class:  3.64 MB
        Both:  4.09 MB

MaxMetaspaceSize: unlimited
CompressedClassSpaceSize: 1.00 GB
Initial GC threshold: 21.00 MB
Current GC threshold: 98.44 MB
CDS: on
MetaspaceReclaimPolicy: balanced
 - commit_granule_bytes: 65536.
 - commit_granule_words: 8192.
 - virtual_space_node_default_size: 1048576.
 - enlarge_chunks_in_place: 1.
 - new_chunks_are_fully_committed: 0.
 - uncommit_free_chunks: 1.
 - use_allocation_guard: 0.
 - handle_deallocations: 1.


Internal statistics:

num_allocs_failed_limit: 9.
num_arena_births: 556.
num_arena_deaths: 0.
num_vsnodes_births: 8.
num_vsnodes_deaths: 0.
num_space_committed: 945.
num_space_uncommitted: 0.
num_chunks_returned_to_freelist: 9.
num_chunks_taken_from_freelist: 2764.
num_chunk_merges: 9.
num_chunk_splits: 1977.
num_chunks_enlarged: 1557.
num_purges: 0.
num_inconsistent_stats: 0.

CodeCache: size=49152Kb used=14814Kb max_used=15440Kb free=34337Kb
 bounds [0x000001f1fa110000, 0x000001f1fb030000, 0x000001f1fd110000]
 total_blobs=8344 nmethods=7656 adapters=614
 compilation: enabled
              stopped_count=0, restarted_count=0
 full_count=0

Compilation events (20 events):
Event: 17.500 Thread 0x000001f191cb5da0 7648   !   1       java.io.StringReader::mark (44 bytes)
Event: 17.500 Thread 0x000001f1ff43a320 7649       1       org.apache.tomcat.util.buf.MessageBytes::getByteChunk (5 bytes)
Event: 17.500 Thread 0x000001f1ff43a320 nmethod 7649 0x000001f1fa4a2690 code [0x000001f1fa4a2820, 0x000001f1fa4a28f8]
Event: 17.501 Thread 0x000001f1ff43a320 7650       1       org.apache.tomcat.util.buf.ByteChunk::getBuffer (5 bytes)
Event: 17.501 Thread 0x000001f191cb5da0 nmethod 7648 0x000001f1fa4a2010 code [0x000001f1fa4a21c0, 0x000001f1fa4a24d8]
Event: 17.501 Thread 0x000001f1ff43a320 nmethod 7650 0x000001f1fa4a1d10 code [0x000001f1fa4a1ea0, 0x000001f1fa4a1f78]
Event: 17.501 Thread 0x000001f1ff43a320 7651       1       org.apache.tomcat.util.http.MimeHeaders::getName (26 bytes)
Event: 17.501 Thread 0x000001f1ff43a320 nmethod 7651 0x000001f1fa4a1910 code [0x000001f1fa4a1aa0, 0x000001f1fa4a1bf8]
Event: 17.501 Thread 0x000001f1ff43a320 7652       1       org.springframework.security.web.firewall.StrictHttpFirewall::valueContains (18 bytes)
Event: 17.501 Thread 0x000001f1ff43a320 nmethod 7652 0x000001f1fa4a1590 code [0x000001f1fa4a1720, 0x000001f1fa4a1828]
Event: 17.501 Thread 0x000001f1ff43a320 7653       1       javax.servlet.ServletRequestWrapper::setAttribute (12 bytes)
Event: 17.501 Thread 0x000001f1ff43a320 nmethod 7653 0x000001f1fa4a1290 code [0x000001f1fa4a1420, 0x000001f1fa4a1508]
Event: 17.501 Thread 0x000001f1ff43a320 7654       1       org.apache.coyote.Request::method (5 bytes)
Event: 17.501 Thread 0x000001f1ff43a320 nmethod 7654 0x000001f1fa4a0f90 code [0x000001f1fa4a1120, 0x000001f1fa4a11f8]
Event: 17.501 Thread 0x000001f191cb5da0 7655       1       org.springframework.expression.spel.support.ReflectivePropertyAccessor::isCandidateForProperty (2 bytes)
Event: 17.502 Thread 0x000001f191cb5da0 nmethod 7655 0x000001f1fa4a0c90 code [0x000001f1fa4a0e20, 0x000001f1fa4a0ef8]
Event: 17.502 Thread 0x000001f191cb5da0 7656       1       org.springframework.core.SerializableTypeWrapper$MethodParameterTypeProvider::getType (8 bytes)
Event: 17.502 Thread 0x000001f191cb5da0 nmethod 7656 0x000001f1fa4a0910 code [0x000001f1fa4a0aa0, 0x000001f1fa4a0b88]
Event: 17.502 Thread 0x000001f1ff43a320 7657   !   1       jdk.proxy2.$Proxy12::annotation (29 bytes)
Event: 17.502 Thread 0x000001f1ff43a320 nmethod 7657 0x000001f1fa4a0410 code [0x000001f1fa4a05c0, 0x000001f1fa4a0798]

GC Heap History (20 events):
Event: 2.983 GC heap before
{Heap before GC invocations=10 (full 0):
 garbage-first heap   total 55296K, used 37088K [0x0000000709400000, 0x0000000800000000)
  region size 2048K, 11 young (22528K), 1 survivors (2048K)
 Metaspace       used 31575K, committed 31936K, reserved 1081344K
  class space    used 4273K, committed 4416K, reserved 1048576K
}
Event: 2.983 GC heap after
{Heap after GC invocations=11 (full 0):
 garbage-first heap   total 155648K, used 18265K [0x0000000709400000, 0x0000000800000000)
  region size 2048K, 1 young (2048K), 1 survivors (2048K)
 Metaspace       used 31575K, committed 31936K, reserved 1081344K
  class space    used 4273K, committed 4416K, reserved 1048576K
}
Event: 3.549 GC heap before
{Heap before GC invocations=11 (full 0):
 garbage-first heap   total 155648K, used 85849K [0x0000000709400000, 0x0000000800000000)
  region size 2048K, 36 young (73728K), 1 survivors (2048K)
 Metaspace       used 35746K, committed 36096K, reserved 1081344K
  class space    used 4878K, committed 5056K, reserved 1048576K
}
Event: 3.552 GC heap after
{Heap after GC invocations=12 (full 0):
 garbage-first heap   total 155648K, used 19472K [0x0000000709400000, 0x0000000800000000)
  region size 2048K, 1 young (2048K), 1 survivors (2048K)
 Metaspace       used 35746K, committed 36096K, reserved 1081344K
  class space    used 4878K, committed 5056K, reserved 1048576K
}
Event: 4.216 GC heap before
{Heap before GC invocations=13 (full 0):
 garbage-first heap   total 75776K, used 62480K [0x0000000709400000, 0x0000000800000000)
  region size 2048K, 22 young (45056K), 1 survivors (2048K)
 Metaspace       used 42629K, committed 43072K, reserved 1089536K
  class space    used 5801K, committed 6016K, reserved 1048576K
}
Event: 4.220 GC heap after
{Heap after GC invocations=14 (full 0):
 garbage-first heap   total 75776K, used 23699K [0x0000000709400000, 0x0000000800000000)
  region size 2048K, 3 young (6144K), 3 survivors (6144K)
 Metaspace       used 42629K, committed 43072K, reserved 1089536K
  class space    used 5801K, committed 6016K, reserved 1048576K
}
Event: 4.225 GC heap before
{Heap before GC invocations=14 (full 0):
 garbage-first heap   total 75776K, used 25747K [0x0000000709400000, 0x0000000800000000)
  region size 2048K, 4 young (8192K), 3 survivors (6144K)
 Metaspace       used 42629K, committed 43072K, reserved 1089536K
  class space    used 5801K, committed 6016K, reserved 1048576K
}
Event: 4.229 GC heap after
{Heap after GC invocations=15 (full 0):
 garbage-first heap   total 75776K, used 23637K [0x0000000709400000, 0x0000000800000000)
  region size 2048K, 1 young (2048K), 1 survivors (2048K)
 Metaspace       used 42629K, committed 43072K, reserved 1089536K
  class space    used 5801K, committed 6016K, reserved 1048576K
}
Event: 4.372 GC heap before
{Heap before GC invocations=15 (full 0):
 garbage-first heap   total 75776K, used 56405K [0x0000000709400000, 0x0000000800000000)
  region size 2048K, 17 young (34816K), 1 survivors (2048K)
 Metaspace       used 44453K, committed 44800K, reserved 1089536K
  class space    used 6042K, committed 6208K, reserved 1048576K
}
Event: 4.374 GC heap after
{Heap after GC invocations=16 (full 0):
 garbage-first heap   total 75776K, used 24074K [0x0000000709400000, 0x0000000800000000)
  region size 2048K, 1 young (2048K), 1 survivors (2048K)
 Metaspace       used 44453K, committed 44800K, reserved 1089536K
  class space    used 6042K, committed 6208K, reserved 1048576K
}
Event: 4.927 GC heap before
{Heap before GC invocations=16 (full 0):
 garbage-first heap   total 75776K, used 56842K [0x0000000709400000, 0x0000000800000000)
  region size 2048K, 17 young (34816K), 1 survivors (2048K)
 Metaspace       used 48497K, committed 48896K, reserved 1097728K
  class space    used 6550K, committed 6720K, reserved 1048576K
}
Event: 4.930 GC heap after
{Heap after GC invocations=17 (full 0):
 garbage-first heap   total 75776K, used 26002K [0x0000000709400000, 0x0000000800000000)
  region size 2048K, 2 young (4096K), 2 survivors (4096K)
 Metaspace       used 48497K, committed 48896K, reserved 1097728K
  class space    used 6550K, committed 6720K, reserved 1048576K
}
Event: 5.065 GC heap before
{Heap before GC invocations=17 (full 0):
 garbage-first heap   total 75776K, used 56722K [0x0000000709400000, 0x0000000800000000)
  region size 2048K, 17 young (34816K), 2 survivors (4096K)
 Metaspace       used 48668K, committed 49088K, reserved 1097728K
  class space    used 6564K, committed 6720K, reserved 1048576K
}
Event: 5.067 GC heap after
{Heap after GC invocations=18 (full 0):
 garbage-first heap   total 75776K, used 27148K [0x0000000709400000, 0x0000000800000000)
  region size 2048K, 3 young (6144K), 3 survivors (6144K)
 Metaspace       used 48668K, committed 49088K, reserved 1097728K
  class space    used 6564K, committed 6720K, reserved 1048576K
}
Event: 5.180 GC heap before
{Heap before GC invocations=18 (full 0):
 garbage-first heap   total 75776K, used 57868K [0x0000000709400000, 0x0000000800000000)
  region size 2048K, 18 young (36864K), 3 survivors (6144K)
 Metaspace       used 48777K, committed 49216K, reserved 1097728K
  class space    used 6572K, committed 6784K, reserved 1048576K
}
Event: 5.183 GC heap after
{Heap after GC invocations=19 (full 0):
 garbage-first heap   total 75776K, used 28529K [0x0000000709400000, 0x0000000800000000)
  region size 2048K, 2 young (4096K), 2 survivors (4096K)
 Metaspace       used 48777K, committed 49216K, reserved 1097728K
  class space    used 6572K, committed 6784K, reserved 1048576K
}
Event: 5.513 GC heap before
{Heap before GC invocations=19 (full 0):
 garbage-first heap   total 75776K, used 59249K [0x0000000709400000, 0x0000000800000000)
  region size 2048K, 17 young (34816K), 2 survivors (4096K)
 Metaspace       used 51054K, committed 51456K, reserved 1097728K
  class space    used 6928K, committed 7104K, reserved 1048576K
}
Event: 5.516 GC heap after
{Heap after GC invocations=20 (full 0):
 garbage-first heap   total 151552K, used 30002K [0x0000000709400000, 0x0000000800000000)
  region size 2048K, 2 young (4096K), 2 survivors (4096K)
 Metaspace       used 51054K, committed 51456K, reserved 1097728K
  class space    used 6928K, committed 7104K, reserved 1048576K
}
Event: 13.251 GC heap before
{Heap before GC invocations=20 (full 0):
 garbage-first heap   total 151552K, used 91442K [0x0000000709400000, 0x0000000800000000)
  region size 2048K, 33 young (67584K), 2 survivors (4096K)
 Metaspace       used 59835K, committed 60288K, reserved 1105920K
  class space    used 8128K, committed 8384K, reserved 1048576K
}
Event: 13.257 GC heap after
{Heap after GC invocations=21 (full 0):
 garbage-first heap   total 151552K, used 35467K [0x0000000709400000, 0x0000000800000000)
  region size 2048K, 5 young (10240K), 5 survivors (10240K)
 Metaspace       used 59835K, committed 60288K, reserved 1105920K
  class space    used 8128K, committed 8384K, reserved 1048576K
}

Deoptimization events (18 events):
Event: 0.635 Thread 0x000001f1fa03d1e0 DEOPT PACKING pc=0x000001f1fa3ebd01 sp=0x000000a2ffefdce0
Event: 0.635 Thread 0x000001f1fa03d1e0 DEOPT UNPACKING pc=0x000001f1fa162b43 sp=0x000000a2ffefd138 mode 3
Event: 1.193 Thread 0x000001f192712010 DEOPT PACKING pc=0x000001f1fa6848d5 sp=0x000000a2820fc0f0
Event: 1.193 Thread 0x000001f192712010 DEOPT UNPACKING pc=0x000001f1fa162b43 sp=0x000000a2820fb650 mode 3
Event: 1.256 Thread 0x000001f1925a3580 DEOPT PACKING pc=0x000001f1fa69b379 sp=0x000000a281ffcac0
Event: 1.256 Thread 0x000001f1925a3580 DEOPT UNPACKING pc=0x000001f1fa162b43 sp=0x000000a281ffbfa0 mode 3
Event: 2.261 Thread 0x000001f1925a3580 DEOPT PACKING pc=0x000001f1fa6da354 sp=0x000000a281ffcef0
Event: 2.261 Thread 0x000001f1925a3580 DEOPT UNPACKING pc=0x000001f1fa162b43 sp=0x000000a281ffc448 mode 0
Event: 2.555 Thread 0x000001f1925a3580 DEOPT PACKING pc=0x000001f1fa95a201 sp=0x000000a281ffd690
Event: 2.555 Thread 0x000001f1925a3580 DEOPT UNPACKING pc=0x000001f1fa162b43 sp=0x000000a281ffcb00 mode 3
Event: 3.159 Thread 0x000001f1925a3580 DEOPT PACKING pc=0x000001f1fa6a7789 sp=0x000000a281ffdf30
Event: 3.159 Thread 0x000001f1925a3580 DEOPT UNPACKING pc=0x000001f1fa162b43 sp=0x000000a281ffd3c0 mode 3
Event: 3.159 Thread 0x000001f193e59e10 DEOPT PACKING pc=0x000001f1fa664e9f sp=0x000000a2825ff080
Event: 3.159 Thread 0x000001f193e59e10 DEOPT UNPACKING pc=0x000001f1fa162b43 sp=0x000000a2825fe4d8 mode 3
Event: 5.262 Thread 0x000001f1925a3580 DEOPT PACKING pc=0x000001f1fad7ad0c sp=0x000000a281ffa620
Event: 5.262 Thread 0x000001f1925a3580 DEOPT UNPACKING pc=0x000001f1fa162b43 sp=0x000000a281ff9be8 mode 0
Event: 5.767 Thread 0x000001f1925a3580 DEOPT PACKING pc=0x000001f1fa6c00d2 sp=0x000000a281ff9910
Event: 5.767 Thread 0x000001f1925a3580 DEOPT UNPACKING pc=0x000001f1fa162b43 sp=0x000000a281ff8e18 mode 3

Classes unloaded (0 events):
No events

Classes redefined (0 events):
No events

Internal exceptions (20 events):
Event: 5.480 Thread 0x000001f1925a3580 Exception <a 'java/lang/NoSuchMethodError'{0x000000070c03b2c0}: 'java.lang.Object java.lang.invoke.DirectMethodHandle$Holder.newInvokeSpecial(java.lang.Object, java.lang.Object, int)'> (0x000000070c03b2c0) 
thrown [t:\workspace\open\src\hotspot\share\interpreter\linkResolver.cpp, line 766]
Event: 5.483 Thread 0x000001f1925a3580 Exception <a 'java/lang/IncompatibleClassChangeError'{0x000000070c060c60}: Found class java.lang.Object, but interface was expected> (0x000000070c060c60) 
thrown [t:\workspace\open\src\hotspot\share\interpreter\linkResolver.cpp, line 833]
Event: 5.531 Thread 0x000001f1925a3580 Exception <a 'java/lang/ClassNotFoundException'{0x0000000718b16f80}: java/lang/ObjectCustomizer> (0x0000000718b16f80) 
thrown [t:\workspace\open\src\hotspot\share\classfile\systemDictionary.cpp, line 256]
Event: 5.531 Thread 0x000001f1925a3580 Exception <a 'java/lang/ClassNotFoundException'{0x0000000718b20398}: org/springframework/security/config/annotation/web/configuration/WebSecurityConfigurationCustomizer> (0x0000000718b20398) 
thrown [t:\workspace\open\src\hotspot\share\classfile\systemDictionary.cpp, line 256]
Event: 5.532 Thread 0x000001f1925a3580 Exception <a 'java/lang/ClassNotFoundException'{0x0000000718b30028}: org/springframework/context/annotation/ImportAwareCustomizer> (0x0000000718b30028) 
thrown [t:\workspace\open\src\hotspot\share\classfile\systemDictionary.cpp, line 256]
Event: 5.532 Thread 0x000001f1925a3580 Exception <a 'java/lang/ClassNotFoundException'{0x0000000718b35f18}: org/springframework/beans/factory/AwareCustomizer> (0x0000000718b35f18) 
thrown [t:\workspace\open\src\hotspot\share\classfile\systemDictionary.cpp, line 256]
Event: 5.533 Thread 0x000001f1925a3580 Exception <a 'java/lang/ClassNotFoundException'{0x0000000718b3b398}: org/springframework/beans/factory/BeanClassLoaderAwareCustomizer> (0x0000000718b3b398) 
thrown [t:\workspace\open\src\hotspot\share\classfile\systemDictionary.cpp, line 256]
Event: 5.533 Thread 0x000001f1925a3580 Exception <a 'java/lang/ClassNotFoundException'{0x0000000718b41268}: org/springframework/beans/factory/AwareCustomizer> (0x0000000718b41268) 
thrown [t:\workspace\open\src\hotspot\share\classfile\systemDictionary.cpp, line 256]
Event: 5.622 Thread 0x000001f193e58fa0 Exception <a 'java/lang/reflect/InvocationTargetException'{0x0000000712061618}> (0x0000000712061618) 
thrown [t:\workspace\open\src\hotspot\share\runtime\reflection.cpp, line 1121]
Event: 5.682 Thread 0x000001f1925a3580 Exception <a 'java/lang/ClassNotFoundException'{0x0000000711f15d88}: java/lang/ObjectCustomizer> (0x0000000711f15d88) 
thrown [t:\workspace\open\src\hotspot\share\classfile\systemDictionary.cpp, line 256]
Event: 5.683 Thread 0x000001f1925a3580 Exception <a 'java/lang/ClassNotFoundException'{0x0000000711f1f1a0}: org/springframework/security/config/annotation/web/configuration/HttpSecurityConfigurationCustomizer> (0x0000000711f1f1a0) 
thrown [t:\workspace\open\src\hotspot\share\classfile\systemDictionary.cpp, line 256]
Event: 5.692 Thread 0x000001f1925a3580 Exception <a 'java/lang/NoSuchMethodError'{0x0000000711f8c800}: 'java.lang.Object java.lang.invoke.DirectMethodHandle$Holder.invokeInterface(java.lang.Object, java.lang.Object, java.lang.Object, java.lang.Object)'> (0x0000000711f8c800) 
thrown [t:\workspace\open\src\hotspot\share\interpreter\linkResolver.cpp, line 766]
Event: 5.796 Thread 0x000001f1925a3580 Exception <a 'java/lang/NoSuchMethodError'{0x0000000711778460}: 'void java.lang.invoke.DirectMethodHandle$Holder.invokeVirtual(java.lang.Object, java.lang.Object, int)'> (0x0000000711778460) 
thrown [t:\workspace\open\src\hotspot\share\interpreter\linkResolver.cpp, line 766]
Event: 5.797 Thread 0x000001f1925a3580 Exception <a 'java/lang/NoSuchMethodError'{0x0000000711792e10}: 'void java.lang.invoke.DirectMethodHandle$Holder.invokeVirtual(java.lang.Object, java.lang.Object, long)'> (0x0000000711792e10) 
thrown [t:\workspace\open\src\hotspot\share\interpreter\linkResolver.cpp, line 766]
Event: 5.896 Thread 0x000001f1925a3580 Exception <a 'java/lang/IncompatibleClassChangeError'{0x00000007110ab018}: Found class java.lang.Object, but interface was expected> (0x00000007110ab018) 
thrown [t:\workspace\open\src\hotspot\share\interpreter\linkResolver.cpp, line 833]
Event: 5.923 Thread 0x000001f1925a3580 Exception <a 'java/lang/NoSuchMethodError'{0x0000000710e07250}: 'int java.lang.invoke.DirectMethodHandle$Holder.invokeStaticInit(java.lang.Object, java.lang.Object, java.lang.Object, java.lang.Object)'> (0x0000000710e07250) 
thrown [t:\workspace\open\src\hotspot\share\interpreter\linkResolver.cpp, line 766]
Event: 6.070 Thread 0x000001f1925a3580 Exception <a 'java/lang/NoSuchMethodError'{0x00000007106cdc38}: 'java.lang.Object java.lang.invoke.DirectMethodHandle$Holder.invokeSpecial(java.lang.Object, java.lang.Object, int, java.lang.Object, int, java.lang.Object)'> (0x00000007106cdc38) 
thrown [t:\workspace\open\src\hotspot\share\interpreter\linkResolver.cpp, line 766]
Event: 6.070 Thread 0x000001f1925a3580 Exception <a 'java/lang/NoSuchMethodError'{0x00000007106d5ce0}: 'java.lang.Object java.lang.invoke.DirectMethodHandle$Holder.newInvokeSpecial(java.lang.Object, java.lang.Object, int, java.lang.Object, int)'> (0x00000007106d5ce0) 
thrown [t:\workspace\open\src\hotspot\share\interpreter\linkResolver.cpp, line 766]
Event: 6.071 Thread 0x000001f1925a3580 Exception <a 'java/lang/NoSuchMethodError'{0x00000007106d9de0}: 'java.lang.Object java.lang.invoke.DirectMethodHandle$Holder.invokeSpecial(java.lang.Object, java.lang.Object, java.lang.Object, int, java.lang.Object, int)'> (0x00000007106d9de0) 
thrown [t:\workspace\open\src\hotspot\share\interpreter\linkResolver.cpp, line 766]
Event: 6.071 Thread 0x000001f1925a3580 Exception <a 'java/lang/NoSuchMethodError'{0x00000007106e4a00}: 'void java.lang.invoke.DirectMethodHandle$Holder.invokeVirtual(java.lang.Object, java.lang.Object)'> (0x00000007106e4a00) 
thrown [t:\workspace\open\src\hotspot\share\interpreter\linkResolver.cpp, line 766]

VM Operations (20 events):
Event: 7.125 Executing VM operation: Cleanup
Event: 7.125 Executing VM operation: Cleanup done
Event: 12.735 Executing VM operation: HandshakeAllThreads
Event: 12.735 Executing VM operation: HandshakeAllThreads done
Event: 12.762 Executing VM operation: HandshakeAllThreads
Event: 12.762 Executing VM operation: HandshakeAllThreads done
Event: 12.762 Executing VM operation: Cleanup
Event: 12.762 Executing VM operation: Cleanup done
Event: 12.795 Executing VM operation: HandshakeAllThreads
Event: 12.795 Executing VM operation: HandshakeAllThreads done
Event: 12.805 Executing VM operation: HandshakeAllThreads
Event: 12.806 Executing VM operation: HandshakeAllThreads done
Event: 13.248 Executing VM operation: HandshakeAllThreads
Event: 13.248 Executing VM operation: HandshakeAllThreads done
Event: 13.251 Executing VM operation: CollectForMetadataAllocation
Event: 13.257 Executing VM operation: CollectForMetadataAllocation done
Event: 13.276 Executing VM operation: G1Concurrent
Event: 13.279 Executing VM operation: G1Concurrent done
Event: 13.286 Executing VM operation: G1Concurrent
Event: 13.286 Executing VM operation: G1Concurrent done

Events (20 events):
Event: 12.723 loading class sun/nio/cs/ThreadLocalCoders$2 done
Event: 12.723 loading class java/io/StringReader
Event: 12.723 loading class java/io/StringReader done
Event: 12.761 loading class java/lang/InheritableThreadLocal
Event: 12.761 loading class java/lang/InheritableThreadLocal done
Event: 12.874 loading class java/util/EnumMap$EntryIterator$Entry
Event: 12.874 loading class java/util/EnumMap$EntryIterator$Entry done
Event: 12.998 loading class java/lang/NumberFormatException
Event: 12.998 loading class java/lang/NumberFormatException done
Event: 13.073 Thread 0x000001f191cb5da0 Thread added: 0x000001f191cb5da0
Event: 13.187 Thread 0x000001f191c8b560 Thread added: 0x000001f191c8b560
Event: 13.201 loading class java/time/format/DateTimeFormatterBuilder$ZoneTextPrinterParser
Event: 13.202 loading class java/time/format/DateTimeFormatterBuilder$ZoneTextPrinterParser done
Event: 13.202 loading class java/time/format/DateTimeFormatterBuilder$ReducedPrinterParser
Event: 13.202 loading class java/time/format/DateTimeFormatterBuilder$ReducedPrinterParser done
Event: 13.222 Thread 0x000001f192363210 Thread added: 0x000001f192363210
Event: 13.229 loading class java/util/concurrent/atomic/AtomicReferenceArray
Event: 13.230 loading class java/util/concurrent/atomic/AtomicReferenceArray done
Event: 17.498 Thread 0x000001f191c8cd70 Thread added: 0x000001f191c8cd70
Event: 17.501 Thread 0x000001f192363210 Thread exited: 0x000001f192363210


Dynamic libraries:
0x00007ff68da10000 - 0x00007ff68da20000 	C:\Program Files\Java\jdk-17.0.1\bin\java.exe
0x00007ff80ba70000 - 0x00007ff80bc65000 	C:\WINDOWS\SYSTEM32\ntdll.dll
0x00007ff809bf0000 - 0x00007ff809cae000 	C:\WINDOWS\System32\KERNEL32.DLL
0x00007ff809790000 - 0x00007ff809a58000 	C:\WINDOWS\System32\KERNELBASE.dll
0x00007ff809690000 - 0x00007ff809790000 	C:\WINDOWS\System32\ucrtbase.dll
0x00007ffffa610000 - 0x00007ffffa628000 	C:\Program Files\Java\jdk-17.0.1\bin\jli.dll
0x00007fffebdb0000 - 0x00007fffebdca000 	C:\Program Files\Java\jdk-17.0.1\bin\VCRUNTIME140.dll
0x00007ff809ab0000 - 0x00007ff809b5c000 	C:\WINDOWS\System32\ADVAPI32.dll
0x00007ff80af40000 - 0x00007ff80afde000 	C:\WINDOWS\System32\msvcrt.dll
0x00007ff809f10000 - 0x00007ff809fab000 	C:\WINDOWS\System32\sechost.dll
0x00007ff80aaf0000 - 0x00007ff80ac1a000 	C:\WINDOWS\System32\RPCRT4.dll
0x00007ff80b880000 - 0x00007ff80ba21000 	C:\WINDOWS\System32\USER32.dll
0x00007ff809180000 - 0x00007ff8091a2000 	C:\WINDOWS\System32\win32u.dll
0x00007ff80a8a0000 - 0x00007ff80a8cb000 	C:\WINDOWS\System32\GDI32.dll
0x00007ff809580000 - 0x00007ff80968d000 	C:\WINDOWS\System32\gdi32full.dll
0x00007ff8094e0000 - 0x00007ff80957d000 	C:\WINDOWS\System32\msvcp_win.dll
0x00007ff808480000 - 0x00007ff80871a000 	C:\WINDOWS\WinSxS\amd64_microsoft.windows.common-controls_6595b64144ccf1df_6.0.19041.1110_none_60b5254171f9507e\COMCTL32.dll
0x00007ff8088a0000 - 0x00007ff8088aa000 	C:\WINDOWS\SYSTEM32\VERSION.dll
0x00007ff809e00000 - 0x00007ff809e30000 	C:\WINDOWS\System32\IMM32.DLL
0x00007ff800460000 - 0x00007ff80046c000 	C:\Program Files\Java\jdk-17.0.1\bin\vcruntime140_1.dll
0x00007fffe0b20000 - 0x00007fffe0bad000 	C:\Program Files\Java\jdk-17.0.1\bin\msvcp140.dll
0x00007fffd54e0000 - 0x00007fffd609e000 	C:\Program Files\Java\jdk-17.0.1\bin\server\jvm.dll
0x00007ff80ad30000 - 0x00007ff80ad38000 	C:\WINDOWS\System32\PSAPI.DLL
0x00007ff807640000 - 0x00007ff807649000 	C:\WINDOWS\SYSTEM32\WSOCK32.dll
0x00007ffffe4c0000 - 0x00007ffffe4e7000 	C:\WINDOWS\SYSTEM32\WINMM.dll
0x00007ff80aed0000 - 0x00007ff80af3b000 	C:\WINDOWS\System32\WS2_32.dll
0x00007ff806cb0000 - 0x00007ff806cc2000 	C:\WINDOWS\SYSTEM32\kernel.appcore.dll
0x00007ffffb9b0000 - 0x00007ffffb9ba000 	C:\Program Files\Java\jdk-17.0.1\bin\jimage.dll
0x00007ff808a50000 - 0x00007ff808c34000 	C:\WINDOWS\SYSTEM32\DBGHELP.DLL
0x00007ff808860000 - 0x00007ff80888c000 	C:\WINDOWS\SYSTEM32\dbgcore.DLL
0x00007ff809310000 - 0x00007ff809392000 	C:\WINDOWS\System32\bcryptPrimitives.dll
0x00007ff801d50000 - 0x00007ff801d5e000 	C:\Program Files\Java\jdk-17.0.1\bin\instrument.dll
0x00007fffe97a0000 - 0x00007fffe97c5000 	C:\Program Files\Java\jdk-17.0.1\bin\java.dll
0x00007fffd77b0000 - 0x00007fffd7886000 	C:\Program Files\Java\jdk-17.0.1\bin\svml.dll
0x00007ff809fb0000 - 0x00007ff80a6f4000 	C:\WINDOWS\System32\SHELL32.dll
0x00007ff806320000 - 0x00007ff806ab4000 	C:\WINDOWS\SYSTEM32\windows.storage.dll
0x00007ff80afe0000 - 0x00007ff80b335000 	C:\WINDOWS\System32\combase.dll
0x00007ff808410000 - 0x00007ff80843e000 	C:\WINDOWS\SYSTEM32\Wldp.dll
0x00007ff80ac80000 - 0x00007ff80ad2d000 	C:\WINDOWS\System32\SHCORE.dll
0x00007ff80ac20000 - 0x00007ff80ac75000 	C:\WINDOWS\System32\shlwapi.dll
0x00007ff8090c0000 - 0x00007ff8090df000 	C:\WINDOWS\SYSTEM32\profapi.dll
0x00007fffe8f30000 - 0x00007fffe8f48000 	C:\Program Files\Java\jdk-17.0.1\bin\zip.dll
0x00007fffeae60000 - 0x00007fffeae79000 	C:\Program Files\Java\jdk-17.0.1\bin\net.dll
0x00007ff802ab0000 - 0x00007ff802bbc000 	C:\WINDOWS\SYSTEM32\WINHTTP.dll
0x00007ff808160000 - 0x00007ff8081ca000 	C:\WINDOWS\system32\mswsock.dll
0x00007fffe9b00000 - 0x00007fffe9b15000 	C:\Program Files\Java\jdk-17.0.1\bin\nio.dll
0x00007ffffad40000 - 0x00007ffffad5a000 	C:\Program Files\JetBrains\IntelliJ IDEA 2021.2.3\bin\breakgen64.dll
0x00007ff807ea0000 - 0x00007ff807f6b000 	C:\WINDOWS\SYSTEM32\DNSAPI.dll
0x00007ff807e60000 - 0x00007ff807e9b000 	C:\WINDOWS\SYSTEM32\IPHLPAPI.DLL
0x00007ff80b340000 - 0x00007ff80b348000 	C:\WINDOWS\System32\NSI.dll
0x00007ff802040000 - 0x00007ff80204a000 	C:\Windows\System32\rasadhlp.dll
0x00007ffffbd30000 - 0x00007ffffbdaf000 	C:\WINDOWS\System32\fwpuclnt.dll
0x00007ff8093a0000 - 0x00007ff8093c7000 	C:\WINDOWS\System32\bcrypt.dll
0x00007ffffa600000 - 0x00007ffffa609000 	C:\Program Files\Java\jdk-17.0.1\bin\management.dll
0x00007ffffa420000 - 0x00007ffffa42b000 	C:\Program Files\Java\jdk-17.0.1\bin\management_ext.dll
0x00007ff808de0000 - 0x00007ff808df8000 	C:\WINDOWS\SYSTEM32\CRYPTSP.dll
0x00007ff807b10000 - 0x00007ff807b44000 	C:\WINDOWS\system32\rsaenh.dll
0x00007ff809010000 - 0x00007ff80903e000 	C:\WINDOWS\SYSTEM32\USERENV.dll
0x00007ff808250000 - 0x00007ff80825c000 	C:\WINDOWS\SYSTEM32\CRYPTBASE.dll
0x00007ff800000000 - 0x00007ff800017000 	C:\WINDOWS\SYSTEM32\dhcpcsvc6.DLL
0x00007fffff3a0000 - 0x00007fffff3bd000 	C:\WINDOWS\SYSTEM32\dhcpcsvc.DLL
0x00007fffef290000 - 0x00007fffef2a7000 	C:\WINDOWS\system32\napinsp.dll
0x00007fffef270000 - 0x00007fffef28b000 	C:\WINDOWS\system32\pnrpnsp.dll
0x00007ff802490000 - 0x00007ff8024a5000 	C:\WINDOWS\system32\wshbth.dll
0x00007ff803c00000 - 0x00007ff803c1d000 	C:\WINDOWS\system32\NLAapi.dll
0x00007ffff3200000 - 0x00007ffff3212000 	C:\WINDOWS\System32\winrnr.dll
0x00007ffffad30000 - 0x00007ffffad3e000 	C:\Program Files\Java\jdk-17.0.1\bin\sunmscapi.dll
0x00007ff8091b0000 - 0x00007ff809306000 	C:\WINDOWS\System32\CRYPT32.dll
0x00007ff808720000 - 0x00007ff808747000 	C:\WINDOWS\SYSTEM32\ncrypt.dll
0x00007ff808440000 - 0x00007ff80847b000 	C:\WINDOWS\SYSTEM32\NTASN1.dll
0x00007ffffad20000 - 0x00007ffffad27000 	C:\WINDOWS\system32\wshunix.dll

dbghelp: loaded successfully - version: 4.0.5 - missing functions: none
symbol engine: initialized successfully - sym options: 0x614 - pdb path: .;C:\Program Files\Java\jdk-17.0.1\bin;C:\WINDOWS\SYSTEM32;C:\WINDOWS\WinSxS\amd64_microsoft.windows.common-controls_6595b64144ccf1df_6.0.19041.1110_none_60b5254171f9507e;C:\Program Files\Java\jdk-17.0.1\bin\server;C:\Program Files\JetBrains\IntelliJ IDEA 2021.2.3\bin

VM Arguments:
jvm_args: -XX:TieredStopAtLevel=1 -Xverify:none -Dspring.output.ansi.enabled=always -javaagent:C:\Program Files\JetBrains\IntelliJ IDEA 2021.2.3\lib\idea_rt.jar=50233:C:\Program Files\JetBrains\IntelliJ IDEA 2021.2.3\bin -Dcom.sun.management.jmxremote -Dspring.jmx.enabled=true -Dspring.liveBeansView.mbeanDomain -Dspring.application.admin.enabled=true -Dfile.encoding=UTF-8 
java_command: pt.ulusofona.tfc.trabalho.TrabalhoApplication
java_class_path (initial): C:\Users\Tiago\IdeaProjects\TFC-DEISI221\target\classes;C:\Users\Tiago\.m2\repository\org\springframework\boot\spring-boot-starter-data-jpa\2.5.5\spring-boot-starter-data-jpa-2.5.5.jar;C:\Users\Tiago\.m2\repository\org\springframework\boot\spring-boot-starter-aop\2.5.5\spring-boot-starter-aop-2.5.5.jar;C:\Users\Tiago\.m2\repository\org\aspectj\aspectjweaver\1.9.7\aspectjweaver-1.9.7.jar;C:\Users\Tiago\.m2\repository\org\springframework\boot\spring-boot-starter-jdbc\2.5.5\spring-boot-starter-jdbc-2.5.5.jar;C:\Users\Tiago\.m2\repository\com\zaxxer\HikariCP\4.0.3\HikariCP-4.0.3.jar;C:\Users\Tiago\.m2\repository\org\springframework\spring-jdbc\5.3.10\spring-jdbc-5.3.10.jar;C:\Users\Tiago\.m2\repository\jakarta\transaction\jakarta.transaction-api\1.3.3\jakarta.transaction-api-1.3.3.jar;C:\Users\Tiago\.m2\repository\jakarta\persistence\jakarta.persistence-api\2.2.3\jakarta.persistence-api-2.2.3.jar;C:\Users\Tiago\.m2\repository\org\hibernate\hibernate-core\5.4.32.Final\hibernate-core-5.4.32.Final.jar;C:\Users\Tiago\.m2\repository\org\jboss\logging\jboss-logging\3.4.2.Final\jboss-logging-3.4.2.Final.jar;C:\Users\Tiago\.m2\repository\org\javassist\javassist\3.27.0-GA\javassist-3.27.0-GA.jar;C:\Users\Tiago\.m2\repository\net\bytebuddy\byte-buddy\1.10.22\byte-buddy-1.10.22.jar;C:\Users\Tiago\.m2\repository\antlr\antlr\2.7.7\antlr-2.7.7.jar;C:\Users\Tiago\.m2\repository\org\jboss\jandex\2.2.3.Final\jandex-2.2.3.Final.jar;C:\Users\Tiago\.m2\repository\com\fasterxml\classmate\1.5.1\classmate-1.5.1.jar;C:\Users\Tiago\.m2\repository\org\dom4j\dom4j\2.1.3\dom4j-2.1.3.jar;C:\Users\Tiago\.m2\repository\org\hibernate\common\hibernate-commons-annotations\5.1.2.Final\hibernate-commons-annotations-5.1.2.Final.jar;C:\Users\Tiago\.m2\repository\org\glassfish\jaxb\jaxb-runtime\2.3.5\jaxb-runtime-2.3.5.jar;C:\Users\Tiago\.m2\repository\org\glassfish\jaxb\txw2\2.3.5\txw2-2.3.5.jar;C:\Users\Tiago\.m2\repository\com\sun\istack\istack-commons-runtime\3.0.12\istack-co
Launcher Type: SUN_STANDARD

[Global flags]
     intx CICompilerCount                          = 4                                         {product} {ergonomic}
     uint ConcGCThreads                            = 2                                         {product} {ergonomic}
     uint G1ConcRefinementThreads                  = 8                                         {product} {ergonomic}
   size_t G1HeapRegionSize                         = 2097152                                   {product} {ergonomic}
    uintx GCDrainStackTargetSize                   = 64                                        {product} {ergonomic}
   size_t InitialHeapSize                          = 260046848                                 {product} {ergonomic}
     bool ManagementServer                         = true                                      {product} {command line}
   size_t MarkStackSize                            = 4194304                                   {product} {ergonomic}
   size_t MaxHeapSize                              = 4139778048                                {product} {ergonomic}
   size_t MaxNewSize                               = 2483027968                                {product} {ergonomic}
   size_t MinHeapDeltaBytes                        = 2097152                                   {product} {ergonomic}
   size_t MinHeapSize                              = 8388608                                   {product} {ergonomic}
    uintx NonProfiledCodeHeapSize                  = 0                                      {pd product} {ergonomic}
     bool ProfileInterpreter                       = false                                  {pd product} {command line}
    uintx ProfiledCodeHeapSize                     = 0                                      {pd product} {ergonomic}
   size_t SoftMaxHeapSize                          = 4139778048                             {manageable} {ergonomic}
     intx TieredStopAtLevel                        = 1                                         {product} {command line}
     bool UseCompressedClassPointers               = true                           {product lp64_product} {ergonomic}
     bool UseCompressedOops                        = true                           {product lp64_product} {ergonomic}
     bool UseG1GC                                  = true                                      {product} {ergonomic}
     bool UseLargePagesIndividualAllocation        = false                                  {pd product} {ergonomic}

Logging:
Log output configuration:
 #0: stdout all=warning uptime,level,tags
 #1: stderr all=off uptime,level,tags

Environment Variables:
PATH=C:\Program Files\Common Files\Oracle\Java\javapath;C:\WINDOWS\system32;C:\WINDOWS;C:\WINDOWS\System32\Wbem;C:\WINDOWS\System32\WindowsPowerShell\v1.0\;C:\WINDOWS\System32\OpenSSH\;C:\Program Files\Git\cmd;C:\Program Files\MySQL\MySQL Shell 8.0\bin\;C:\Users\Tiago\AppData\Local\Programs\Python\Python39\Scripts\;C:\Users\Tiago\AppData\Local\Programs\Python\Python39\;C:\Users\Tiago\AppData\Local\Microsoft\WindowsApps;
USERNAME=Tiago
OS=Windows_NT
PROCESSOR_IDENTIFIER=AMD64 Family 23 Model 96 Stepping 1, AuthenticAMD



---------------  S Y S T E M  ---------------

OS:
 Windows 10 , 64 bit Build 19041 (10.0.19041.1348)
OS uptime: 20 days 2:36 hours

CPU: total 8 (initial active 8) (8 cores per cpu, 1 threads per core) family 23 model 96 stepping 1 microcode 0x0, cx8, cmov, fxsr, mmx, 3dnowpref, sse, sse2, sse3, ssse3, sse4a, sse4.1, sse4.2, popcnt, lzcnt, tsc, tscinvbit, avx, avx2, aes, clmul, bmi1, bmi2, adx, sha, fma, vzeroupper, clflush, clflushopt

Memory: 4k page, system-wide physical 15791M (8415M free)
TotalPageFile size 18223M (AvailPageFile size 10419M)
current process WorkingSet (physical memory assigned to process): 257M, peak: 277M
current process commit charge ("private bytes"): 315M, peak: 373M

vm_info: Java HotSpot(TM) 64-Bit Server VM (17.0.1+12-LTS-39) for windows-amd64 JRE (17.0.1+12-LTS-39), built on Sep 27 2021 18:41:35 by "mach5one" with MS VC++ 16.8 (VS2019)

END.
