#
# A fatal error has been detected by the Java Runtime Environment:
#
#  EXCEPTION_ACCESS_VIOLATION (0xc0000005) at pc=0x000001c30843e578, pid=8436, tid=4288
#
# JRE version: OpenJDK Runtime Environment (13.0+33) (build 13+33)
# Java VM: OpenJDK 64-Bit Server VM (13+33, mixed mode, sharing, tiered, compressed oops, g1 gc, windows-amd64)
# Problematic frame:
# j  pt.ulusofona.tfc.trabalho.controller.FormularioController.showFormularioForm(Lorg/springframework/ui/ModelMap;)Ljava/lang/String;+282
#
# No core dump will be written. Minidumps are not enabled by default on client versions of Windows
#
# If you would like to submit a bug report, please visit:
#   http://bugreport.java.com/bugreport/crash.jsp
#

---------------  S U M M A R Y ------------

Command Line: -XX:TieredStopAtLevel=1 -Xverify:none -Dspring.output.ansi.enabled=always -javaagent:C:\Program Files\JetBrains\IntelliJ IDEA 2021.2.3\lib\idea_rt.jar=54487:C:\Program Files\JetBrains\IntelliJ IDEA 2021.2.3\bin -Dcom.sun.management.jmxremote -Dspring.jmx.enabled=true -Dspring.liveBeansView.mbeanDomain -Dspring.application.admin.enabled=true -Dfile.encoding=UTF-8 pt.ulusofona.tfc.trabalho.TrabalhoApplication

Host: Intel(R) Xeon(R) CPU E5-1607 v2 @ 3.00GHz, 4 cores, 15G,  Windows 10 , 64 bit Build 19041 (10.0.19041.1348)
Time: Mon Jan 10 18:44:21 2022 Hora padrão de GMT elapsed time: 184 seconds (0d 0h 3m 4s)

---------------  T H R E A D  ---------------

Current thread (0x000001c327a68800):  JavaThread "http-nio-8080-exec-3" daemon [_thread_in_Java, id=4288, stack(0x00000081fc700000,0x00000081fc800000)]

Stack: [0x00000081fc700000,0x00000081fc800000],  sp=0x00000081fc7fa870,  free space=1002k
Native frames: (J=compiled Java code, j=interpreted, Vv=VM code, C=native code)
C  0x000001c30843e578


siginfo: EXCEPTION_ACCESS_VIOLATION (0xc0000005), reading address 0x00000000ffffffff


Register to memory mapping:

RIP=0x000001c30843e578 is at code_begin+344 in an Interpreter codelet
invokespecial  183 invokespecial  [0x000001c30843e420, 0x000001c30843e720]  768 bytes
RAX=0x0 is NULL
RBX={method} {0x000001c3291ea320} '<init>' '(Ljava/lang/String;ZZLjava/lang/String;Ljava/lang/String;Ljava/lang/String;ZZLjava/lang/String;ZZZZLjava/lang/String;ZZLjava/lang/String;ZZLjava/lang/String;ZZZZLjava/lang/String;ZLjava/lang/String;ZLjava/lang/String;ZZZZZZZZZZZLjava/lang/String;ZLjava/lang/String;ZZZZZLjava/lang/String;ZZZZZLjava/lang/String;ZZLjava/lang/String;ZZZZZLjava/lang/String;ZZZLjava/lang/String;ZLjava/lang/String;ZLjava/lang/String;ZZZZZLjava/lang/String;ZZLjava/lang/String;ZZZZZZZZZZLjava/lang/String;ZLjava/lang/String;ZLjava/lang/String;ZLjava/lang/String;ZZZLjava/lang/String;ZLjava/lang/String;ZZZZZZZZZLjava/lang/String;ZLjava/lang/String;ZLjava/lang/String;ZLjava/lang/String;ZZLjava/lang/String;ZLjava/lang/String;ZZZZZZZZZLjava/lang/String;ZLjava/lang/String;ZLjava/lang/String;ZLjava/lang/String;ZZZLjava/lang/String;ZZZZZZZZZLjava/lang/String;ZLjava/lang/String;ZLjava/lang/String;ZLjava/lang/String;ZZZZZZZZZZLjava/lang/String;ZLjava/lang/String;ZLjava/lang/String;ZLjava/lang/String;Ljava/lang/String;ZZZZZZLjava/lang/String;ZZZZZZZZLjava/lang/String;ZZZLjava/lang/String;ZZZLjava/lang/String;ZLjava/lang/String;ZLjava/lang/String;ZLjava/lang/String;ZLjava/lang/String;Ljava/lang/String;ZZZZZZLjava/lang/String;Ljava/lang/String;Ljava/lang/String;Ljava/lang/String;Ljava/lang/String;ZZZZZLjava/lang/String;ZZLjava/lang/String;ZZZZZLjava/lang/String;ZZLjava/lang/String;ZZZZZLjava/lang/String;ZZLjava/lang/String;ZZZZIIIIIIIILkotlin/jvm/internal/DefaultConstructorMarker;)V' in 'pt/ulusofona/tfc/trabalho/form/FormularioForm'
RCX=0x00000000ffffffff is an unknown value
RDX=0x000001c30842a273 is at code_begin+2355 in an Interpreter codelet
invoke return entry points  [0x000001c308429940, 0x000001c30842a360]  2592 bytes
RSP=0x00000081fc7fa870 is pointing into the stack for thread: 0x000001c327a68800
RBP=0x00000081fc7fb108 is pointing into the stack for thread: 0x000001c327a68800
RSI=0x00000081fc7fb600 is pointing into the stack for thread: 0x000001c327a68800
RDI=0x0000000000000002 is an unknown value
R8 =0x0000000000000006 is an unknown value
R9 =0x0000000000000006 is an unknown value
R10=0x00007ffb1039e960 jvm.dll
R11={method} {0x000001c3291ea320} '<init>' '(Ljava/lang/String;ZZLjava/lang/String;Ljava/lang/String;Ljava/lang/String;ZZLjava/lang/String;ZZZZLjava/lang/String;ZZLjava/lang/String;ZZLjava/lang/String;ZZZZLjava/lang/String;ZLjava/lang/String;ZLjava/lang/String;ZZZZZZZZZZZLjava/lang/String;ZLjava/lang/String;ZZZZZLjava/lang/String;ZZZZZLjava/lang/String;ZZLjava/lang/String;ZZZZZLjava/lang/String;ZZZLjava/lang/String;ZLjava/lang/String;ZLjava/lang/String;ZZZZZLjava/lang/String;ZZLjava/lang/String;ZZZZZZZZZZLjava/lang/String;ZLjava/lang/String;ZLjava/lang/String;ZLjava/lang/String;ZZZLjava/lang/String;ZLjava/lang/String;ZZZZZZZZZLjava/lang/String;ZLjava/lang/String;ZLjava/lang/String;ZLjava/lang/String;ZZLjava/lang/String;ZLjava/lang/String;ZZZZZZZZZLjava/lang/String;ZLjava/lang/String;ZLjava/lang/String;ZLjava/lang/String;ZZZLjava/lang/String;ZZZZZZZZZLjava/lang/String;ZLjava/lang/String;ZLjava/lang/String;ZLjava/lang/String;ZZZZZZZZZZLjava/lang/String;ZLjava/lang/String;ZLjava/lang/String;ZLjava/lang/String;Ljava/lang/String;ZZZZZZLjava/lang/String;ZZZZZZZZLjava/lang/String;ZZZLjava/lang/String;ZZZLjava/lang/String;ZLjava/lang/String;ZLjava/lang/String;ZLjava/lang/String;ZLjava/lang/String;Ljava/lang/String;ZZZZZZLjava/lang/String;Ljava/lang/String;Ljava/lang/String;Ljava/lang/String;Ljava/lang/String;ZZZZZLjava/lang/String;ZZLjava/lang/String;ZZZZZLjava/lang/String;ZZLjava/lang/String;ZZZZZLjava/lang/String;ZZLjava/lang/String;ZZZZIIIIIIIILkotlin/jvm/internal/DefaultConstructorMarker;)V' in 'pt/ulusofona/tfc/trabalho/form/FormularioForm'
R12=0x0 is NULL
R13=0x000001c326bf2fc2 is pointing into metadata
R14=0x00000081fc7fb140 is pointing into the stack for thread: 0x000001c327a68800
R15=0x000001c327a68800 is a thread


Registers:
RAX=0x0000000000000000, RBX=0x000001c3291ea318, RCX=0x00000000ffffffff, RDX=0x000001c30842a273
RSP=0x00000081fc7fa870, RBP=0x00000081fc7fb108, RSI=0x00000081fc7fb600, RDI=0x0000000000000002
R8 =0x0000000000000006, R9 =0x0000000000000006, R10=0x00007ffb1039e960, R11=0x000001c3291ea318
R12=0x0000000000000000, R13=0x000001c326bf2fc2, R14=0x00000081fc7fb140, R15=0x000001c327a68800
RIP=0x000001c30843e578, EFLAGS=0x0000000000010a06

Top of Stack: (sp=0x00000081fc7fa870)
0x00000081fc7fa870:   000001c30842a273 0000000000000000
0x00000081fc7fa880:   000000003fffffff 00000000ffffffff
0x00000081fc7fa890:   00000000ffffffff 00000000ffffffff
0x00000081fc7fa8a0:   00000000ffffffff 00000000ffffffff
0x00000081fc7fa8b0:   00000000ffffffff 00000000ffffffff
0x00000081fc7fa8c0:   0000000000000000 0000000000000000
0x00000081fc7fa8d0:   0000000000000000 0000000000000000
0x00000081fc7fa8e0:   0000000000000000 0000000000000000
0x00000081fc7fa8f0:   0000000000000000 0000000000000000
0x00000081fc7fa900:   0000000000000000 0000000000000000
0x00000081fc7fa910:   0000000000000000 0000000000000000
0x00000081fc7fa920:   0000000000000000 0000000000000000
0x00000081fc7fa930:   0000000000000000 0000000000000000
0x00000081fc7fa940:   0000000000000000 0000000000000000
0x00000081fc7fa950:   0000000000000000 0000000000000000
0x00000081fc7fa960:   0000000000000000 0000000000000000 

Instructions: (pc=0x000001c30843e578)
0x000001c30843e478:   ff 00 00 00 81 fb b7 00 00 00 0f 84 c8 00 00 00
0x000001c30843e488:   bb b7 00 00 00 e8 05 00 00 00 e9 ad 00 00 00 48
0x000001c30843e498:   8b d3 48 8d 44 24 08 4c 89 6d c0 49 8b cf c5 f8
0x000001c30843e4a8:   77 49 89 af 00 03 00 00 49 89 87 f0 02 00 00 48
0x000001c30843e4b8:   83 ec 20 f7 c4 0f 00 00 00 0f 84 1a 00 00 00 48
0x000001c30843e4c8:   83 ec 08 49 ba 20 b4 c6 0f fb 7f 00 00 41 ff d2
0x000001c30843e4d8:   48 83 c4 08 e9 0d 00 00 00 49 ba 20 b4 c6 0f fb
0x000001c30843e4e8:   7f 00 00 41 ff d2 48 83 c4 20 49 ba 00 00 00 00
0x000001c30843e4f8:   00 00 00 00 4d 89 97 f0 02 00 00 49 ba 00 00 00
0x000001c30843e508:   00 00 00 00 00 4d 89 97 00 03 00 00 49 ba 00 00
0x000001c30843e518:   00 00 00 00 00 00 4d 89 97 f8 02 00 00 c5 f8 77
0x000001c30843e528:   49 81 7f 08 00 00 00 00 0f 84 05 00 00 00 e9 45
0x000001c30843e538:   29 fe ff 4c 8b 6d c0 4c 8b 75 c8 c3 41 0f b7 55
0x000001c30843e548:   01 48 8b 4d d0 c1 e2 02 48 8b 5c d1 28 8b 54 d1
0x000001c30843e558:   38 8b ca 81 e1 ff 00 00 00 48 8b 4c cc f8 c1 ea
0x000001c30843e568:   1c 49 ba 60 e9 39 10 fb 7f 00 00 49 8b 14 d2 52
0x000001c30843e578:   48 3b 01 48 8b 45 d8 48 85 c0 0f 84 12 00 00 00
0x000001c30843e588:   48 83 40 08 01 48 83 58 08 00 48 83 c0 10 48 89
0x000001c30843e598:   45 d8 48 8b 45 d8 48 85 c0 0f 84 4f 01 00 00 80
0x000001c30843e5a8:   78 f0 0a 0f 85 45 01 00 00 48 83 c0 08 4c 8b 68
0x000001c30843e5b8:   f8 41 83 ed 00 41 83 fd 02 0f 8c 24 01 00 00 4c
0x000001c30843e5c8:   8b 6b 08 45 0f b7 6d 34 4c 2b 28 41 83 ed 01 4e
0x000001c30843e5d8:   8b 6c ec 08 4d 85 ed 75 0a 48 81 48 08 01 00 00
0x000001c30843e5e8:   00 eb 5d 45 8b 6d 08 49 c1 e5 03 49 bc 00 00 00
0x000001c30843e5f8:   00 08 00 00 00 4d 03 ec 4d 33 e4 4c 33 68 08 49
0x000001c30843e608:   f7 c5 fc ff ff ff 74 38 49 f7 c5 02 00 00 00 75
0x000001c30843e618:   2f 48 81 78 08 00 00 00 00 74 21 48 81 78 08 01
0x000001c30843e628:   00 00 00 74 17 4c 33 68 08 49 f7 c5 fc ff ff ff
0x000001c30843e638:   74 0e 48 81 48 08 02 00 00 00 eb 04 4c 89 68 08
0x000001c30843e648:   48 83 c0 10 4c 8b 68 e8 41 83 ed 02 41 83 fd 02
0x000001c30843e658:   0f 8c 8d 00 00 00 4c 8b 6b 08 45 0f b7 6d 34 4c
0x000001c30843e668:   2b 28 41 83 ed 01 4e 8b 6c ec 08 4d 85 ed 75 0a 


Stack slot to memory mapping:
stack at sp + 0 slots: 0x000001c30842a273 is at code_begin+2355 in an Interpreter codelet
invoke return entry points  [0x000001c308429940, 0x000001c30842a360]  2592 bytes
stack at sp + 1 slots: 0x0 is NULL
stack at sp + 2 slots: 0x000000003fffffff is an unknown value
stack at sp + 3 slots: 0x00000000ffffffff is an unknown value
stack at sp + 4 slots: 0x00000000ffffffff is an unknown value
stack at sp + 5 slots: 0x00000000ffffffff is an unknown value
stack at sp + 6 slots: 0x00000000ffffffff is an unknown value
stack at sp + 7 slots: 0x00000000ffffffff is an unknown value

invokespecial  183 invokespecial  [0x000001c30843e420, 0x000001c30843e720]  768 bytes
[MachCode]
  0x000001c30843e420: 50e9 3900 | 0000 4883 | ec08 c5fa | 1104 24e9 | 2b00 0000 | 4883 ec10 | c5fb 1104 | 24e9 1d00 
  0x000001c30843e440: 0000 4883 | ec10 4889 | 0424 49ba | 0000 0000 | 0000 0000 | 4c89 5424 | 08e9 0100 | 0000 504c 
  0x000001c30843e460: 896d c041 | 0fb7 5501 | 488b 4dd0 | c1e2 028b | 5cd1 20c1 | eb10 81e3 | ff00 0000 | 81fb b700 
  0x000001c30843e480: 0000 0f84 | c800 0000 | bbb7 0000 | 00e8 0500 | 0000 e9ad | 0000 0048 | 8bd3 488d | 4424 084c 
  0x000001c30843e4a0: 896d c049 | 8bcf c5f8 | 7749 89af | 0003 0000 | 4989 87f0 | 0200 0048 | 83ec 20f7 | c40f 0000 
  0x000001c30843e4c0: 000f 841a | 0000 0048 | 83ec 0849 | ba20 b4c6 | 0ffb 7f00 | 0041 ffd2 | 4883 c408 | e90d 0000 
  0x000001c30843e4e0: 0049 ba20 | b4c6 0ffb | 7f00 0041 | ffd2 4883 | c420 49ba | 0000 0000 | 0000 0000 | 4d89 97f0 
  0x000001c30843e500: 0200 0049 | ba00 0000 | 0000 0000 | 004d 8997 | 0003 0000 | 49ba 0000 | 0000 0000 | 0000 4d89 
  0x000001c30843e520: 97f8 0200 | 00c5 f877 | 4981 7f08 | 0000 0000 | 0f84 0500 | 0000 e945 | 29fe ff4c | 8b6d c04c 
  0x000001c30843e540: 8b75 c8c3 | 410f b755 | 0148 8b4d | d0c1 e202 | 488b 5cd1 | 288b 54d1 | 388b ca81 | e1ff 0000 
  0x000001c30843e560: 0048 8b4c | ccf8 c1ea | 1c49 ba60 | e939 10fb | 7f00 0049 | 8b14 d252 | 483b 0148 | 8b45 d848 
  0x000001c30843e580: 85c0 0f84 | 1200 0000 | 4883 4008 | 0148 8358 | 0800 4883 | c010 4889 | 45d8 488b | 45d8 4885 
  0x000001c30843e5a0: c00f 844f | 0100 0080 | 78f0 0a0f | 8545 0100 | 0048 83c0 | 084c 8b68 | f841 83ed | 0041 83fd 
  0x000001c30843e5c0: 020f 8c24 | 0100 004c | 8b6b 0845 | 0fb7 6d34 | 4c2b 2841 | 83ed 014e | 8b6c ec08 | 4d85 ed75 
  0x000001c30843e5e0: 0a48 8148 | 0801 0000 | 00eb 5d45 | 8b6d 0849 | c1e5 0349 | bc00 0000 | 0008 0000 | 004d 03ec 
  0x000001c30843e600: 4d33 e44c | 3368 0849 | f7c5 fcff | ffff 7438 | 49f7 c502 | 0000 0075 | 2f48 8178 | 0800 0000 
  0x000001c30843e620: 0074 2148 | 8178 0801 | 0000 0074 | 174c 3368 | 0849 f7c5 | fcff ffff | 740e 4881 | 4808 0200 
  0x000001c30843e640: 0000 eb04 | 4c89 6808 | 4883 c010 | 4c8b 68e8 | 4183 ed02 | 4183 fd02 | 0f8c 8d00 | 0000 4c8b 
  0x000001c30843e660: 6b08 450f | b76d 344c | 2b28 4183 | ed01 4e8b | 6cec 084d | 85ed 750a | 4881 4808 | 0100 0000 
  0x000001c30843e680: eb5d 458b | 6d08 49c1 | e503 49bc | 0000 0000 | 0800 0000 | 4d03 ec4d | 33e4 4c33 | 6808 49f7 
  0x000001c30843e6a0: c5fc ffff | ff74 3849 | f7c5 0200 | 0000 752f | 4881 7808 | 0000 0000 | 7421 4881 | 7808 0100 
  0x000001c30843e6c0: 0000 7417 | 4c33 6808 | 49f7 c5fc | ffff ff74 | 0e48 8148 | 0802 0000 | 00eb 044c | 8968 0848 
  0x000001c30843e6e0: 83c0 104c | 8b68 d841 | 83ed 0441 | c1e5 0349 | 03c5 4889 | 45d8 4c8d | 6c24 084c | 896d f0ff 
  0x000001c30843e700: 6348 660f | 1f44 0000 | 0000 0000 | 0000 0000 | 0000 0000 | 0000 0000 | 0000 0000 | 0000 0000 
[/MachCode]

---------------  P R O C E S S  ---------------

Threads class SMR info:
_java_thread_list=0x000001c32855dc40, length=24, elements={
0x000001c32380d800, 0x000001c323812800, 0x000001c32382c000, 0x000001c32382d800,
0x000001c32382f800, 0x000001c323831000, 0x000001c3240c1000, 0x000001c32466a000,
0x000001c324672800, 0x000001c32481a000, 0x000001c324c4a000, 0x000001c324a8e800,
0x000001c3261a2800, 0x000001c325f16800, 0x000001c325f1d800, 0x000001c327a69800,
0x000001c327a6a000, 0x000001c327a6b000, 0x000001c327a6c000, 0x000001c327a6c800,
0x000001c327a67000, 0x000001c327a6d800, 0x000001c327a67800, 0x000001c327a68800
}

Java Threads: ( => current thread )
  0x000001c32380d800 JavaThread "Reference Handler" daemon [_thread_blocked, id=11468, stack(0x00000081fcf00000,0x00000081fd000000)]
  0x000001c323812800 JavaThread "Finalizer" daemon [_thread_blocked, id=2040, stack(0x00000081fd000000,0x00000081fd100000)]
  0x000001c32382c000 JavaThread "Signal Dispatcher" daemon [_thread_blocked, id=3444, stack(0x00000081fd100000,0x00000081fd200000)]
  0x000001c32382d800 JavaThread "Attach Listener" daemon [_thread_blocked, id=1752, stack(0x00000081fd200000,0x00000081fd300000)]
  0x000001c32382f800 JavaThread "C1 CompilerThread0" daemon [_thread_blocked, id=2520, stack(0x00000081fd300000,0x00000081fd400000)]
  0x000001c323831000 JavaThread "Sweeper thread" daemon [_thread_blocked, id=11756, stack(0x00000081fd400000,0x00000081fd500000)]
  0x000001c3240c1000 JavaThread "Common-Cleaner" daemon [_thread_blocked, id=12672, stack(0x00000081fd500000,0x00000081fd600000)]
  0x000001c32466a000 JavaThread "Monitor Ctrl-Break" daemon [_thread_in_native, id=3324, stack(0x00000081fd600000,0x00000081fd700000)]
  0x000001c324672800 JavaThread "Service Thread" daemon [_thread_blocked, id=6348, stack(0x00000081fd700000,0x00000081fd800000)]
  0x000001c32481a000 JavaThread "RMI TCP Accept-0" daemon [_thread_in_native, id=2548, stack(0x00000081fd800000,0x00000081fd900000)]
  0x000001c324c4a000 JavaThread "RMI Scheduler(0)" daemon [_thread_blocked, id=12544, stack(0x00000081fdf00000,0x00000081fe000000)]
  0x000001c324a8e800 JavaThread "Catalina-utility-1" [_thread_blocked, id=7960, stack(0x00000081fe200000,0x00000081fe300000)]
  0x000001c3261a2800 JavaThread "Catalina-utility-2" [_thread_blocked, id=10884, stack(0x00000081fe300000,0x00000081fe400000)]
  0x000001c325f16800 JavaThread "container-0" [_thread_blocked, id=3544, stack(0x00000081fe400000,0x00000081fe500000)]
  0x000001c325f1d800 JavaThread "mysql-cj-abandoned-connection-cleanup" daemon [_thread_blocked, id=11252, stack(0x00000081fe500000,0x00000081fe600000)]
  0x000001c327a69800 JavaThread "HikariPool-1 housekeeper" daemon [_thread_blocked, id=7532, stack(0x00000081fe700000,0x00000081fe800000)]
  0x000001c327a6a000 JavaThread "File Watcher" daemon [_thread_blocked, id=5400, stack(0x00000081fe800000,0x00000081fe900000)]
  0x000001c327a6b000 JavaThread "Live Reload Server" daemon [_thread_in_native, id=8324, stack(0x00000081feb00000,0x00000081fec00000)]
  0x000001c327a6c000 JavaThread "http-nio-8080-Poller" daemon [_thread_in_native, id=4048, stack(0x00000081fea00000,0x00000081feb00000)]
  0x000001c327a6c800 JavaThread "http-nio-8080-Acceptor" daemon [_thread_in_native, id=12548, stack(0x00000081fec00000,0x00000081fed00000)]
  0x000001c327a67000 JavaThread "DestroyJavaVM" [_thread_blocked, id=3696, stack(0x00000081fc800000,0x00000081fc900000)]
  0x000001c327a6d800 JavaThread "http-nio-8080-exec-1" daemon [_thread_blocked, id=6612, stack(0x00000081fc500000,0x00000081fc600000)]
  0x000001c327a67800 JavaThread "http-nio-8080-exec-2" daemon [_thread_blocked, id=4128, stack(0x00000081fc600000,0x00000081fc700000)]
=>0x000001c327a68800 JavaThread "http-nio-8080-exec-3" daemon [_thread_in_Java, id=4288, stack(0x00000081fc700000,0x00000081fc800000)]

Other Threads:
  0x000001c32380b800 VMThread "VM Thread" [stack: 0x00000081fce00000,0x00000081fcf00000] [id=13220]
  0x000001c324821800 WatcherThread [stack: 0x00000081fd900000,0x00000081fda00000] [id=9672]
  0x000001c37fd66800 GCTaskThread "GC Thread#0" [stack: 0x00000081fc900000,0x00000081fca00000] [id=6608]
  0x000001c324852000 GCTaskThread "GC Thread#1" [stack: 0x00000081fda00000,0x00000081fdb00000] [id=6020]
  0x000001c3248c3000 GCTaskThread "GC Thread#2" [stack: 0x00000081fdb00000,0x00000081fdc00000] [id=4108]
  0x000001c3248c3800 GCTaskThread "GC Thread#3" [stack: 0x00000081fdc00000,0x00000081fdd00000] [id=2180]
  0x000001c37fd8a000 ConcurrentGCThread "G1 Main Marker" [stack: 0x00000081fca00000,0x00000081fcb00000] [id=3424]
  0x000001c37fd8b000 ConcurrentGCThread "G1 Conc#0" [stack: 0x00000081fcb00000,0x00000081fcc00000] [id=13308]
  0x000001c323709800 ConcurrentGCThread "G1 Refine#0" [stack: 0x00000081fcc00000,0x00000081fcd00000] [id=13924]
  0x000001c324339800 ConcurrentGCThread "G1 Refine#1" [stack: 0x00000081fdd00000,0x00000081fde00000] [id=2184]
  0x000001c32370b800 ConcurrentGCThread "G1 Young RemSet Sampling" [stack: 0x00000081fcd00000,0x00000081fce00000] [id=1552]

Threads with active compile tasks:

VM state:not at safepoint (normal execution)

VM Mutex/Monitor currently owned by a thread: None

Heap address: 0x0000000700c00000, size: 4084 MB, Compressed Oops mode: Zero based, Oop shift amount: 3
Narrow klass base: 0x0000000800000000, Narrow klass shift: 3
Compressed class space size: 1073741824 Address: 0x0000000800b40000

Heap:
 garbage-first heap   total 103424K, used 61771K [0x0000000700c00000, 0x0000000800000000)
  region size 1024K, 31 young (31744K), 4 survivors (4096K)
 Metaspace       used 62352K, capacity 64240K, committed 64332K, reserved 1103872K
  class space    used 8307K, capacity 9042K, committed 9088K, reserved 1048576K
Heap Regions: E=young(eden), S=young(survivor), O=old, HS=humongous(starts), HC=humongous(continues), CS=collection set, F=free, A=archive, TAMS=top-at-mark-start (previous, next)
|   0|0x0000000700c00000, 0x0000000700d00000, 0x0000000700d00000|100%|HS|  |TAMS 0x0000000700d00000, 0x0000000700c00000| Complete 
|   1|0x0000000700d00000, 0x0000000700e00000, 0x0000000700e00000|100%| O|  |TAMS 0x0000000700e00000, 0x0000000700d00000| Untracked 
|   2|0x0000000700e00000, 0x0000000700f00000, 0x0000000700f00000|100%| O|  |TAMS 0x0000000700f00000, 0x0000000700e00000| Untracked 
|   3|0x0000000700f00000, 0x0000000701000000, 0x0000000701000000|100%| O|  |TAMS 0x0000000701000000, 0x0000000700f00000| Untracked 
|   4|0x0000000701000000, 0x0000000701100000, 0x0000000701100000|100%| O|  |TAMS 0x0000000701100000, 0x0000000701000000| Untracked 
|   5|0x0000000701100000, 0x0000000701200000, 0x0000000701200000|100%| O|  |TAMS 0x0000000701200000, 0x0000000701100000| Untracked 
|   6|0x0000000701200000, 0x00000007012ff400, 0x0000000701300000| 99%| O|  |TAMS 0x00000007012ff400, 0x0000000701200000| Untracked 
|   7|0x0000000701300000, 0x0000000701400000, 0x0000000701400000|100%| O|  |TAMS 0x0000000701300000, 0x0000000701300000| Untracked 
|   8|0x0000000701400000, 0x0000000701500000, 0x0000000701500000|100%| O|  |TAMS 0x0000000701500000, 0x0000000701400000| Untracked 
|   9|0x0000000701500000, 0x0000000701600000, 0x0000000701600000|100%| O|  |TAMS 0x0000000701600000, 0x0000000701500000| Untracked 
|  10|0x0000000701600000, 0x0000000701700000, 0x0000000701700000|100%| O|  |TAMS 0x0000000701700000, 0x0000000701600000| Untracked 
|  11|0x0000000701700000, 0x0000000701800000, 0x0000000701800000|100%| O|  |TAMS 0x0000000701800000, 0x0000000701700000| Untracked 
|  12|0x0000000701800000, 0x0000000701900000, 0x0000000701900000|100%| O|  |TAMS 0x0000000701900000, 0x0000000701800000| Untracked 
|  13|0x0000000701900000, 0x00000007019fae00, 0x0000000701a00000| 97%| O|  |TAMS 0x00000007019fae00, 0x0000000701900000| Untracked 
|  14|0x0000000701a00000, 0x0000000701b00000, 0x0000000701b00000|100%| O|  |TAMS 0x0000000701a00000, 0x0000000701a00000| Untracked 
|  15|0x0000000701b00000, 0x0000000701c00000, 0x0000000701c00000|100%| O|  |TAMS 0x0000000701b00000, 0x0000000701b00000| Untracked 
|  16|0x0000000701c00000, 0x0000000701d00000, 0x0000000701d00000|100%| O|  |TAMS 0x0000000701c00000, 0x0000000701c00000| Untracked 
|  17|0x0000000701d00000, 0x0000000701e00000, 0x0000000701e00000|100%| O|  |TAMS 0x0000000701d00000, 0x0000000701d00000| Untracked 
|  18|0x0000000701e00000, 0x0000000701e5f600, 0x0000000701f00000| 37%| O|  |TAMS 0x0000000701e00000, 0x0000000701e00000| Untracked 
|  19|0x0000000701f00000, 0x0000000702000000, 0x0000000702000000|100%| O|  |TAMS 0x0000000701f00000, 0x0000000701f00000| Untracked 
|  20|0x0000000702000000, 0x0000000702100000, 0x0000000702100000|100%| O|  |TAMS 0x0000000702000000, 0x0000000702000000| Untracked 
|  21|0x0000000702100000, 0x0000000702200000, 0x0000000702200000|100%| O|  |TAMS 0x0000000702100000, 0x0000000702100000| Untracked 
|  22|0x0000000702200000, 0x0000000702300000, 0x0000000702300000|100%| O|  |TAMS 0x0000000702200000, 0x0000000702200000| Untracked 
|  23|0x0000000702300000, 0x0000000702400000, 0x0000000702400000|100%| O|  |TAMS 0x0000000702300000, 0x0000000702300000| Untracked 
|  24|0x0000000702400000, 0x0000000702500000, 0x0000000702500000|100%| O|  |TAMS 0x0000000702400000, 0x0000000702400000| Untracked 
|  25|0x0000000702500000, 0x0000000702600000, 0x0000000702600000|100%| O|  |TAMS 0x0000000702500000, 0x0000000702500000| Untracked 
|  26|0x0000000702600000, 0x0000000702700000, 0x0000000702700000|100%| O|  |TAMS 0x0000000702600000, 0x0000000702600000| Untracked 
|  27|0x0000000702700000, 0x0000000702800000, 0x0000000702800000|100%| O|  |TAMS 0x0000000702700000, 0x0000000702700000| Untracked 
|  28|0x0000000702800000, 0x0000000702900000, 0x0000000702900000|100%| O|  |TAMS 0x0000000702800000, 0x0000000702800000| Untracked 
|  29|0x0000000702900000, 0x0000000702a00000, 0x0000000702a00000|100%| O|  |TAMS 0x0000000702900000, 0x0000000702900000| Untracked 
|  30|0x0000000702a00000, 0x0000000702b00000, 0x0000000702b00000|100%| O|  |TAMS 0x0000000702a00000, 0x0000000702a00000| Untracked 
|  31|0x0000000702b00000, 0x0000000702b59800, 0x0000000702c00000| 34%| O|  |TAMS 0x0000000702b00000, 0x0000000702b00000| Untracked 
|  32|0x0000000702c00000, 0x0000000702c00000, 0x0000000702d00000|  0%| F|  |TAMS 0x0000000702c00000, 0x0000000702c00000| Untracked 
|  33|0x0000000702d00000, 0x0000000702d00000, 0x0000000702e00000|  0%| F|  |TAMS 0x0000000702d00000, 0x0000000702d00000| Untracked 
|  34|0x0000000702e00000, 0x0000000702e00000, 0x0000000702f00000|  0%| F|  |TAMS 0x0000000702e00000, 0x0000000702e00000| Untracked 
|  35|0x0000000702f00000, 0x0000000702f00000, 0x0000000703000000|  0%| F|  |TAMS 0x0000000702f00000, 0x0000000702f00000| Untracked 
|  36|0x0000000703000000, 0x0000000703000000, 0x0000000703100000|  0%| F|  |TAMS 0x0000000703000000, 0x0000000703000000| Untracked 
|  37|0x0000000703100000, 0x0000000703100000, 0x0000000703200000|  0%| F|  |TAMS 0x0000000703100000, 0x0000000703100000| Untracked 
|  38|0x0000000703200000, 0x0000000703200000, 0x0000000703300000|  0%| F|  |TAMS 0x0000000703200000, 0x0000000703200000| Untracked 
|  39|0x0000000703300000, 0x0000000703300000, 0x0000000703400000|  0%| F|  |TAMS 0x0000000703300000, 0x0000000703300000| Untracked 
|  40|0x0000000703400000, 0x0000000703400000, 0x0000000703500000|  0%| F|  |TAMS 0x0000000703400000, 0x0000000703400000| Untracked 
|  41|0x0000000703500000, 0x0000000703500000, 0x0000000703600000|  0%| F|  |TAMS 0x0000000703500000, 0x0000000703500000| Untracked 
|  42|0x0000000703600000, 0x0000000703600000, 0x0000000703700000|  0%| F|  |TAMS 0x0000000703600000, 0x0000000703600000| Untracked 
|  43|0x0000000703700000, 0x0000000703700000, 0x0000000703800000|  0%| F|  |TAMS 0x0000000703700000, 0x0000000703700000| Untracked 
|  44|0x0000000703800000, 0x000000070389fdb0, 0x0000000703900000| 62%| S|CS|TAMS 0x0000000703800000, 0x0000000703800000| Complete 
|  45|0x0000000703900000, 0x0000000703900000, 0x0000000703a00000|  0%| F|  |TAMS 0x0000000703900000, 0x0000000703900000| Untracked 
|  46|0x0000000703a00000, 0x0000000703b00000, 0x0000000703b00000|100%| S|CS|TAMS 0x0000000703a00000, 0x0000000703a00000| Complete 
|  47|0x0000000703b00000, 0x0000000703b00000, 0x0000000703c00000|  0%| F|  |TAMS 0x0000000703b00000, 0x0000000703b00000| Untracked 
|  48|0x0000000703c00000, 0x0000000703d00000, 0x0000000703d00000|100%| S|CS|TAMS 0x0000000703c00000, 0x0000000703c00000| Complete 
|  49|0x0000000703d00000, 0x0000000703e00000, 0x0000000703e00000|100%| S|CS|TAMS 0x0000000703d00000, 0x0000000703d00000| Complete 
|  50|0x0000000703e00000, 0x0000000703e00000, 0x0000000703f00000|  0%| F|  |TAMS 0x0000000703e00000, 0x0000000703e00000| Untracked 
|  51|0x0000000703f00000, 0x0000000703f00000, 0x0000000704000000|  0%| F|  |TAMS 0x0000000703f00000, 0x0000000703f00000| Untracked 
|  52|0x0000000704000000, 0x0000000704000000, 0x0000000704100000|  0%| F|  |TAMS 0x0000000704000000, 0x0000000704000000| Untracked 
|  53|0x0000000704100000, 0x0000000704100000, 0x0000000704200000|  0%| F|  |TAMS 0x0000000704100000, 0x0000000704100000| Untracked 
|  54|0x0000000704200000, 0x0000000704200000, 0x0000000704300000|  0%| F|  |TAMS 0x0000000704200000, 0x0000000704200000| Untracked 
|  55|0x0000000704300000, 0x0000000704300000, 0x0000000704400000|  0%| F|  |TAMS 0x0000000704300000, 0x0000000704300000| Untracked 
|  56|0x0000000704400000, 0x0000000704400000, 0x0000000704500000|  0%| F|  |TAMS 0x0000000704400000, 0x0000000704400000| Untracked 
|  57|0x0000000704500000, 0x0000000704500000, 0x0000000704600000|  0%| F|  |TAMS 0x0000000704500000, 0x0000000704500000| Untracked 
|  58|0x0000000704600000, 0x0000000704600000, 0x0000000704700000|  0%| F|  |TAMS 0x0000000704600000, 0x0000000704600000| Untracked 
|  59|0x0000000704700000, 0x0000000704700000, 0x0000000704800000|  0%| F|  |TAMS 0x0000000704700000, 0x0000000704700000| Untracked 
|  60|0x0000000704800000, 0x0000000704800000, 0x0000000704900000|  0%| F|  |TAMS 0x0000000704800000, 0x0000000704800000| Untracked 
|  61|0x0000000704900000, 0x0000000704900000, 0x0000000704a00000|  0%| F|  |TAMS 0x0000000704900000, 0x0000000704900000| Untracked 
|  62|0x0000000704a00000, 0x0000000704a00000, 0x0000000704b00000|  0%| F|  |TAMS 0x0000000704a00000, 0x0000000704a00000| Untracked 
|  63|0x0000000704b00000, 0x0000000704b00000, 0x0000000704c00000|  0%| F|  |TAMS 0x0000000704b00000, 0x0000000704b00000| Untracked 
|  64|0x0000000704c00000, 0x0000000704c00000, 0x0000000704d00000|  0%| F|  |TAMS 0x0000000704c00000, 0x0000000704c00000| Untracked 
|  65|0x0000000704d00000, 0x0000000704d00000, 0x0000000704e00000|  0%| F|  |TAMS 0x0000000704d00000, 0x0000000704d00000| Untracked 
|  66|0x0000000704e00000, 0x0000000704e00000, 0x0000000704f00000|  0%| F|  |TAMS 0x0000000704e00000, 0x0000000704e00000| Untracked 
|  67|0x0000000704f00000, 0x0000000704f00000, 0x0000000705000000|  0%| F|  |TAMS 0x0000000704f00000, 0x0000000704f00000| Untracked 
|  68|0x0000000705000000, 0x0000000705000000, 0x0000000705100000|  0%| F|  |TAMS 0x0000000705000000, 0x0000000705000000| Untracked 
|  69|0x0000000705100000, 0x0000000705100000, 0x0000000705200000|  0%| F|  |TAMS 0x0000000705100000, 0x0000000705100000| Untracked 
|  70|0x0000000705200000, 0x0000000705200000, 0x0000000705300000|  0%| F|  |TAMS 0x0000000705200000, 0x0000000705200000| Untracked 
|  71|0x0000000705300000, 0x0000000705300000, 0x0000000705400000|  0%| F|  |TAMS 0x0000000705300000, 0x0000000705300000| Untracked 
|  72|0x0000000705400000, 0x0000000705400000, 0x0000000705500000|  0%| F|  |TAMS 0x0000000705400000, 0x0000000705400000| Untracked 
|  73|0x0000000705500000, 0x0000000705500000, 0x0000000705600000|  0%| F|  |TAMS 0x0000000705500000, 0x0000000705500000| Untracked 
|  74|0x0000000705600000, 0x00000007056c42a0, 0x0000000705700000| 76%| E|  |TAMS 0x0000000705600000, 0x0000000705600000| Complete 
|  75|0x0000000705700000, 0x0000000705800000, 0x0000000705800000|100%| E|CS|TAMS 0x0000000705700000, 0x0000000705700000| Complete 
|  76|0x0000000705800000, 0x0000000705900000, 0x0000000705900000|100%| E|CS|TAMS 0x0000000705800000, 0x0000000705800000| Complete 
|  77|0x0000000705900000, 0x0000000705a00000, 0x0000000705a00000|100%| E|CS|TAMS 0x0000000705900000, 0x0000000705900000| Complete 
|  78|0x0000000705a00000, 0x0000000705b00000, 0x0000000705b00000|100%| E|CS|TAMS 0x0000000705a00000, 0x0000000705a00000| Complete 
|  79|0x0000000705b00000, 0x0000000705c00000, 0x0000000705c00000|100%| E|CS|TAMS 0x0000000705b00000, 0x0000000705b00000| Complete 
|  80|0x0000000705c00000, 0x0000000705d00000, 0x0000000705d00000|100%| E|CS|TAMS 0x0000000705c00000, 0x0000000705c00000| Complete 
|  81|0x0000000705d00000, 0x0000000705e00000, 0x0000000705e00000|100%| E|CS|TAMS 0x0000000705d00000, 0x0000000705d00000| Complete 
|  82|0x0000000705e00000, 0x0000000705f00000, 0x0000000705f00000|100%| E|CS|TAMS 0x0000000705e00000, 0x0000000705e00000| Complete 
|  83|0x0000000705f00000, 0x0000000706000000, 0x0000000706000000|100%| E|CS|TAMS 0x0000000705f00000, 0x0000000705f00000| Complete 
|  84|0x0000000706000000, 0x0000000706100000, 0x0000000706100000|100%| E|CS|TAMS 0x0000000706000000, 0x0000000706000000| Complete 
|  85|0x0000000706100000, 0x0000000706200000, 0x0000000706200000|100%| E|CS|TAMS 0x0000000706100000, 0x0000000706100000| Complete 
|  86|0x0000000706200000, 0x0000000706300000, 0x0000000706300000|100%| E|CS|TAMS 0x0000000706200000, 0x0000000706200000| Complete 
|  87|0x0000000706300000, 0x0000000706400000, 0x0000000706400000|100%| E|CS|TAMS 0x0000000706300000, 0x0000000706300000| Complete 
|  88|0x0000000706400000, 0x0000000706500000, 0x0000000706500000|100%| E|CS|TAMS 0x0000000706400000, 0x0000000706400000| Complete 
|  89|0x0000000706500000, 0x0000000706600000, 0x0000000706600000|100%| E|CS|TAMS 0x0000000706500000, 0x0000000706500000| Complete 
|  90|0x0000000706600000, 0x0000000706700000, 0x0000000706700000|100%| E|CS|TAMS 0x0000000706600000, 0x0000000706600000| Complete 
|  91|0x0000000706700000, 0x0000000706800000, 0x0000000706800000|100%| E|CS|TAMS 0x0000000706700000, 0x0000000706700000| Complete 
|  92|0x0000000706800000, 0x0000000706900000, 0x0000000706900000|100%| E|CS|TAMS 0x0000000706800000, 0x0000000706800000| Complete 
|  93|0x0000000706900000, 0x0000000706a00000, 0x0000000706a00000|100%| E|CS|TAMS 0x0000000706900000, 0x0000000706900000| Complete 
|  94|0x0000000706a00000, 0x0000000706b00000, 0x0000000706b00000|100%| E|CS|TAMS 0x0000000706a00000, 0x0000000706a00000| Complete 
|  95|0x0000000706b00000, 0x0000000706c00000, 0x0000000706c00000|100%| E|CS|TAMS 0x0000000706b00000, 0x0000000706b00000| Complete 
|  96|0x0000000706c00000, 0x0000000706d00000, 0x0000000706d00000|100%| E|CS|TAMS 0x0000000706c00000, 0x0000000706c00000| Complete 
| 127|0x0000000708b00000, 0x0000000708c00000, 0x0000000708c00000|100%| E|CS|TAMS 0x0000000708b00000, 0x0000000708b00000| Complete 
| 128|0x0000000708c00000, 0x0000000708d00000, 0x0000000708d00000|100%| E|CS|TAMS 0x0000000708c00000, 0x0000000708c00000| Complete 
| 254|0x0000000710a00000, 0x0000000710b00000, 0x0000000710b00000|100%| E|CS|TAMS 0x0000000710a00000, 0x0000000710a00000| Complete 
| 255|0x0000000710b00000, 0x0000000710c00000, 0x0000000710c00000|100%| E|CS|TAMS 0x0000000710b00000, 0x0000000710b00000| Complete 

Card table byte_map: [0x000001c3181d0000,0x000001c3189d0000] _byte_map_base: 0x000001c3149ca000

Marking Bits (Prev, Next): (CMBitMap*) 0x000001c37fd682c8, (CMBitMap*) 0x000001c37fd68288
 Prev Bits: [0x000001c31d1a0000, 0x000001c321170000)
 Next Bits: [0x000001c3191d0000, 0x000001c31d1a0000)

Polling page: 0x000001c37e3e0000

Metaspace:

Usage:
  Non-class:     53.90 MB capacity,    52.78 MB ( 98%) used,   931.88 KB (  2%) free+waste,   220.75 KB ( <1%) overhead. 
      Class:      8.83 MB capacity,     8.11 MB ( 92%) used,   626.64 KB (  7%) free+waste,   108.06 KB (  1%) overhead. 
       Both:     62.73 MB capacity,    60.89 MB ( 97%) used,     1.52 MB (  2%) free+waste,   328.81 KB ( <1%) overhead. 

Virtual space:
  Non-class space:       54.00 MB reserved,      53.95 MB (>99%) committed 
      Class space:        1.00 GB reserved,       8.88 MB ( <1%) committed 
             Both:        1.05 GB reserved,      62.82 MB (  6%) committed 

Chunk freelists:
   Non-Class:  46.00 KB
       Class:  14.00 KB
        Both:  60.00 KB

MaxMetaspaceSize: 17179869184.00 GB
CompressedClassSpaceSize: 1.00 GB

CodeHeap 'non-profiled nmethods': size=238912Kb used=13045Kb max_used=13045Kb free=225866Kb
 bounds [0x000001c308ad0000, 0x000001c309790000, 0x000001c317420000]
CodeHeap 'non-nmethods': size=6848Kb used=1399Kb max_used=1399Kb free=5448Kb
 bounds [0x000001c308420000, 0x000001c308690000, 0x000001c308ad0000]
 total_blobs=8345 nmethods=7363 adapters=605
 compilation: enabled
              stopped_count=0, restarted_count=0
 full_count=0

Compilation events (20 events):
Event: 180.012 Thread 0x000001c32382f800 7385       1       org.apache.tomcat.util.buf.AbstractChunk::recycle (21 bytes)
Event: 180.012 Thread 0x000001c32382f800 nmethod 7385 0x000001c30978a190 code [0x000001c30978a320, 0x000001c30978a478]
Event: 180.857 Thread 0x000001c32382f800 7386       1       java.util.concurrent.ScheduledThreadPoolExecutor$DelayedWorkQueue::siftUp (64 bytes)
Event: 180.858 Thread 0x000001c32382f800 nmethod 7386 0x000001c30978a510 code [0x000001c30978a700, 0x000001c30978ad10]
Event: 184.136 Thread 0x000001c32382f800 7387   !   1       java.io.StringReader::mark (44 bytes)
Event: 184.136 Thread 0x000001c32382f800 nmethod 7387 0x000001c30978b010 code [0x000001c30978b1e0, 0x000001c30978b6a0]
Event: 184.136 Thread 0x000001c32382f800 7388       1       org.apache.tomcat.util.buf.MessageBytes::getByteChunk (5 bytes)
Event: 184.136 Thread 0x000001c32382f800 nmethod 7388 0x000001c30978b890 code [0x000001c30978ba20, 0x000001c30978bb58]
Event: 184.137 Thread 0x000001c32382f800 7389       1       org.springframework.security.web.firewall.StrictHttpFirewall::valueContains (18 bytes)
Event: 184.137 Thread 0x000001c32382f800 nmethod 7389 0x000001c30978bc10 code [0x000001c30978bdc0, 0x000001c30978bf30]
Event: 184.137 Thread 0x000001c32382f800 7390       1       javax.servlet.ServletRequestWrapper::setAttribute (12 bytes)
Event: 184.137 Thread 0x000001c32382f800 nmethod 7390 0x000001c30978c010 code [0x000001c30978c1c0, 0x000001c30978c330]
Event: 184.137 Thread 0x000001c32382f800 7391       1       org.apache.coyote.Request::method (5 bytes)
Event: 184.137 Thread 0x000001c32382f800 nmethod 7391 0x000001c30978c410 code [0x000001c30978c5a0, 0x000001c30978c6d8]
Event: 184.137 Thread 0x000001c32382f800 7392       1       org.springframework.expression.spel.support.ReflectivePropertyAccessor::isCandidateForProperty (2 bytes)
Event: 184.137 Thread 0x000001c32382f800 nmethod 7392 0x000001c30978c790 code [0x000001c30978c920, 0x000001c30978ca58]
Event: 184.137 Thread 0x000001c32382f800 7393       1       org.springframework.core.SerializableTypeWrapper$MethodParameterTypeProvider::getType (8 bytes)
Event: 184.137 Thread 0x000001c32382f800 nmethod 7393 0x000001c30978cb10 code [0x000001c30978ccc0, 0x000001c30978ce30]
Event: 184.138 Thread 0x000001c32382f800 7394   !   1       com.sun.proxy.$Proxy12::annotation (29 bytes)
Event: 184.138 Thread 0x000001c32382f800 nmethod 7394 0x000001c30978cf10 code [0x000001c30978d0e0, 0x000001c30978d340]

GC Heap History (20 events):
Event: 7.105 GC heap before
{Heap before GC invocations=12 (full 0):
 garbage-first heap   total 158720K, used 40179K [0x0000000700c00000, 0x0000000800000000)
  region size 1024K, 28 young (28672K), 7 survivors (7168K)
 Metaspace       used 34513K, capacity 35784K, committed 35840K, reserved 1079296K
  class space    used 4599K, capacity 5093K, committed 5120K, reserved 1048576K
}
Event: 7.112 GC heap after
{Heap after GC invocations=13 (full 0):
 garbage-first heap   total 158720K, used 20456K [0x0000000700c00000, 0x0000000800000000)
  region size 1024K, 7 young (7168K), 7 survivors (7168K)
 Metaspace       used 34513K, capacity 35784K, committed 35840K, reserved 1079296K
  class space    used 4599K, capacity 5093K, committed 5120K, reserved 1048576K
}
Event: 7.877 GC heap before
{Heap before GC invocations=14 (full 0):
 garbage-first heap   total 75776K, used 58344K [0x0000000700c00000, 0x0000000800000000)
  region size 1024K, 44 young (45056K), 7 survivors (7168K)
 Metaspace       used 40750K, capacity 42046K, committed 42188K, reserved 1085440K
  class space    used 5513K, capacity 6028K, committed 6144K, reserved 1048576K
}
Event: 7.888 GC heap after
{Heap after GC invocations=15 (full 0):
 garbage-first heap   total 91136K, used 22547K [0x0000000700c00000, 0x0000000800000000)
  region size 1024K, 4 young (4096K), 4 survivors (4096K)
 Metaspace       used 40750K, capacity 42046K, committed 42188K, reserved 1085440K
  class space    used 5513K, capacity 6028K, committed 6144K, reserved 1048576K
}
Event: 8.588 GC heap before
{Heap before GC invocations=16 (full 0):
 garbage-first heap   total 86016K, used 67603K [0x0000000700c00000, 0x0000000800000000)
  region size 1024K, 48 young (49152K), 4 survivors (4096K)
 Metaspace       used 44205K, capacity 45569K, committed 45900K, reserved 1089536K
  class space    used 5941K, capacity 6434K, committed 6528K, reserved 1048576K
}
Event: 8.595 GC heap after
{Heap after GC invocations=17 (full 0):
 garbage-first heap   total 86016K, used 25136K [0x0000000700c00000, 0x0000000800000000)
  region size 1024K, 5 young (5120K), 5 survivors (5120K)
 Metaspace       used 44205K, capacity 45569K, committed 45900K, reserved 1089536K
  class space    used 5941K, capacity 6434K, committed 6528K, reserved 1048576K
}
Event: 9.048 GC heap before
{Heap before GC invocations=17 (full 0):
 garbage-first heap   total 86016K, used 65072K [0x0000000700c00000, 0x0000000800000000)
  region size 1024K, 44 young (45056K), 5 survivors (5120K)
 Metaspace       used 46851K, capacity 48163K, committed 48332K, reserved 1091584K
  class space    used 6281K, capacity 6808K, committed 6912K, reserved 1048576K
}
Event: 9.053 GC heap after
{Heap after GC invocations=18 (full 0):
 garbage-first heap   total 86016K, used 25922K [0x0000000700c00000, 0x0000000800000000)
  region size 1024K, 4 young (4096K), 4 survivors (4096K)
 Metaspace       used 46851K, capacity 48163K, committed 48332K, reserved 1091584K
  class space    used 6281K, capacity 6808K, committed 6912K, reserved 1048576K
}
Event: 9.628 GC heap before
{Heap before GC invocations=18 (full 0):
 garbage-first heap   total 86016K, used 65858K [0x0000000700c00000, 0x0000000800000000)
  region size 1024K, 43 young (44032K), 4 survivors (4096K)
 Metaspace       used 50356K, capacity 51886K, committed 52172K, reserved 1093632K
  class space    used 6705K, capacity 7302K, committed 7424K, reserved 1048576K
}
Event: 9.633 GC heap after
{Heap after GC invocations=19 (full 0):
 garbage-first heap   total 86016K, used 27545K [0x0000000700c00000, 0x0000000800000000)
  region size 1024K, 5 young (5120K), 5 survivors (5120K)
 Metaspace       used 50356K, capacity 51886K, committed 52172K, reserved 1093632K
  class space    used 6705K, capacity 7302K, committed 7424K, reserved 1048576K
}
Event: 10.021 GC heap before
{Heap before GC invocations=19 (full 0):
 garbage-first heap   total 86016K, used 67481K [0x0000000700c00000, 0x0000000800000000)
  region size 1024K, 44 young (45056K), 5 survivors (5120K)
 Metaspace       used 50572K, capacity 52117K, committed 52428K, reserved 1093632K
  class space    used 6718K, capacity 7310K, committed 7424K, reserved 1048576K
}
Event: 10.028 GC heap after
{Heap after GC invocations=20 (full 0):
 garbage-first heap   total 86016K, used 29159K [0x0000000700c00000, 0x0000000800000000)
  region size 1024K, 5 young (5120K), 5 survivors (5120K)
 Metaspace       used 50572K, capacity 52117K, committed 52428K, reserved 1093632K
  class space    used 6718K, capacity 7310K, committed 7424K, reserved 1048576K
}
Event: 10.351 GC heap before
{Heap before GC invocations=20 (full 0):
 garbage-first heap   total 86016K, used 68071K [0x0000000700c00000, 0x0000000800000000)
  region size 1024K, 43 young (44032K), 5 survivors (5120K)
 Metaspace       used 51316K, capacity 52944K, committed 53196K, reserved 1095680K
  class space    used 6797K, capacity 7413K, committed 7424K, reserved 1048576K
}
Event: 10.359 GC heap after
{Heap after GC invocations=21 (full 0):
 garbage-first heap   total 86016K, used 31427K [0x0000000700c00000, 0x0000000800000000)
  region size 1024K, 4 young (4096K), 4 survivors (4096K)
 Metaspace       used 51316K, capacity 52944K, committed 53196K, reserved 1095680K
  class space    used 6797K, capacity 7413K, committed 7424K, reserved 1048576K
}
Event: 10.895 GC heap before
{Heap before GC invocations=21 (full 0):
 garbage-first heap   total 86016K, used 69315K [0x0000000700c00000, 0x0000000800000000)
  region size 1024K, 41 young (41984K), 4 survivors (4096K)
 Metaspace       used 54123K, capacity 55726K, committed 56012K, reserved 1097728K
  class space    used 7219K, capacity 7851K, committed 7936K, reserved 1048576K
}
Event: 10.900 GC heap after
{Heap after GC invocations=22 (full 0):
 garbage-first heap   total 86016K, used 32156K [0x0000000700c00000, 0x0000000800000000)
  region size 1024K, 3 young (3072K), 3 survivors (3072K)
 Metaspace       used 54123K, capacity 55726K, committed 56012K, reserved 1097728K
  class space    used 7219K, capacity 7851K, committed 7936K, reserved 1048576K
}
Event: 11.527 GC heap before
{Heap before GC invocations=22 (full 0):
 garbage-first heap   total 86016K, used 69020K [0x0000000700c00000, 0x0000000800000000)
  region size 1024K, 39 young (39936K), 3 survivors (3072K)
 Metaspace       used 56851K, capacity 58643K, committed 58700K, reserved 1099776K
  class space    used 7604K, capacity 8291K, committed 8320K, reserved 1048576K
}
Event: 11.533 GC heap after
{Heap after GC invocations=23 (full 0):
 garbage-first heap   total 86016K, used 34100K [0x0000000700c00000, 0x0000000800000000)
  region size 1024K, 5 young (5120K), 5 survivors (5120K)
 Metaspace       used 56851K, capacity 58643K, committed 58700K, reserved 1099776K
  class space    used 7604K, capacity 8291K, committed 8320K, reserved 1048576K
}
Event: 179.241 GC heap before
{Heap before GC invocations=23 (full 0):
 garbage-first heap   total 86016K, used 68916K [0x0000000700c00000, 0x0000000800000000)
  region size 1024K, 39 young (39936K), 5 survivors (5120K)
 Metaspace       used 59380K, capacity 61280K, committed 61388K, reserved 1101824K
  class space    used 7930K, capacity 8653K, committed 8704K, reserved 1048576K
}
Event: 179.250 GC heap after
{Heap after GC invocations=24 (full 0):
 garbage-first heap   total 103424K, used 35147K [0x0000000700c00000, 0x0000000800000000)
  region size 1024K, 4 young (4096K), 4 survivors (4096K)
 Metaspace       used 59380K, capacity 61280K, committed 61388K, reserved 1101824K
  class space    used 7930K, capacity 8653K, committed 8704K, reserved 1048576K
}

Deoptimization events (6 events):
Event: 5.003 Thread 0x000001c324c89000 DEOPT PACKING pc=0x000001c308e178b4 sp=0x00000081fe1fc730
Event: 5.004 Thread 0x000001c324c89000 DEOPT UNPACKING pc=0x000001c30846964e sp=0x00000081fe1fbc98 mode 0
Event: 11.145 Thread 0x000001c324c89000 DEOPT PACKING pc=0x000001c308ddd0bb sp=0x00000081fe1f91a0
Event: 11.145 Thread 0x000001c324c89000 DEOPT UNPACKING pc=0x000001c30846964e sp=0x00000081fe1f86a8 mode 3
Event: 179.980 Thread 0x000001c327a67800 DEOPT PACKING pc=0x000001c308c4962c sp=0x00000081fc6fa5d0
Event: 179.980 Thread 0x000001c327a67800 DEOPT UNPACKING pc=0x000001c30846964e sp=0x00000081fc6f9af8 mode 0

Classes unloaded (0 events):
No events

Classes redefined (0 events):
No events

Internal exceptions (20 events):
Event: 10.689 Thread 0x000001c324c89000 Exception <a 'java/lang/NoSuchMethodError'{0x0000000704a9c498}: 'java.lang.Object java.lang.invoke.DirectMethodHandle$Holder.invokeStatic(java.lang.Object, java.lang.Object, int, java.lang.Object)'> (0x0000000704a9c498) 
thrown [t:/workspace/open/src/hotspot/share/interpreter/linkResolver.cpp, line 767]
Event: 10.689 Thread 0x000001c324c89000 Exception <a 'java/lang/NoSuchMethodError'{0x0000000704aa27e0}: 'java.lang.Object java.lang.invoke.Invokers$Holder.linkToTargetMethod(java.lang.Object, int, java.lang.Object)'> (0x0000000704aa27e0) 
thrown [t:/workspace/open/src/hotspot/share/interpreter/linkResolver.cpp, line 767]
Event: 10.694 Thread 0x000001c324c89000 Exception <a 'java/lang/IncompatibleClassChangeError'{0x0000000704ad4f30}: Found class java.lang.Object, but interface was expected> (0x0000000704ad4f30) 
thrown [t:/workspace/open/src/hotspot/share/interpreter/linkResolver.cpp, line 833]
Event: 10.769 Thread 0x000001c324c89000 Exception <a 'java/lang/ClassNotFoundException'{0x0000000704564cd0}: java/lang/ObjectCustomizer> (0x0000000704564cd0) 
thrown [t:/workspace/open/src/hotspot/share/classfile/systemDictionary.cpp, line 232]
Event: 10.771 Thread 0x000001c324c89000 Exception <a 'java/lang/ClassNotFoundException'{0x0000000704589be0}: org/springframework/security/config/annotation/web/configuration/WebSecurityConfigurationCustomizer> (0x0000000704589be0) 
thrown [t:/workspace/open/src/hotspot/share/classfile/systemDictionary.cpp, line 232]
Event: 10.772 Thread 0x000001c324c89000 Exception <a 'java/lang/ClassNotFoundException'{0x00000007045ae288}: org/springframework/context/annotation/ImportAwareCustomizer> (0x00000007045ae288) 
thrown [t:/workspace/open/src/hotspot/share/classfile/systemDictionary.cpp, line 232]
Event: 10.773 Thread 0x000001c324c89000 Exception <a 'java/lang/ClassNotFoundException'{0x00000007045c67b0}: org/springframework/beans/factory/AwareCustomizer> (0x00000007045c67b0) 
thrown [t:/workspace/open/src/hotspot/share/classfile/systemDictionary.cpp, line 232]
Event: 10.775 Thread 0x000001c324c89000 Exception <a 'java/lang/ClassNotFoundException'{0x00000007045e0f20}: org/springframework/beans/factory/BeanClassLoaderAwareCustomizer> (0x00000007045e0f20) 
thrown [t:/workspace/open/src/hotspot/share/classfile/systemDictionary.cpp, line 232]
Event: 10.776 Thread 0x000001c324c89000 Exception <a 'java/lang/ClassNotFoundException'{0x00000007045f9458}: org/springframework/beans/factory/AwareCustomizer> (0x00000007045f9458) 
thrown [t:/workspace/open/src/hotspot/share/classfile/systemDictionary.cpp, line 232]
Event: 11.006 Thread 0x000001c324c89000 Exception <a 'java/lang/ClassNotFoundException'{0x000000070570f718}: java/lang/ObjectCustomizer> (0x000000070570f718) 
thrown [t:/workspace/open/src/hotspot/share/classfile/systemDictionary.cpp, line 232]
Event: 11.007 Thread 0x000001c324c89000 Exception <a 'java/lang/ClassNotFoundException'{0x0000000705734370}: org/springframework/security/config/annotation/web/configuration/HttpSecurityConfigurationCustomizer> (0x0000000705734370) 
thrown [t:/workspace/open/src/hotspot/share/classfile/systemDictionary.cpp, line 232]
Event: 11.026 Thread 0x000001c324c89000 Exception <a 'java/lang/NoSuchMethodError'{0x00000007057f0058}: 'java.lang.Object java.lang.invoke.DirectMethodHandle$Holder.invokeInterface(java.lang.Object, java.lang.Object, java.lang.Object, java.lang.Object)'> (0x00000007057f0058) 
thrown [t:/workspace/open/src/hotspot/share/interpreter/linkResolver.cpp, line 767]
Event: 11.227 Thread 0x000001c324c89000 Exception <a 'java/lang/NoSuchMethodError'{0x0000000704cd2128}: 'void java.lang.invoke.DirectMethodHandle$Holder.invokeVirtual(java.lang.Object, java.lang.Object, int)'> (0x0000000704cd2128) 
thrown [t:/workspace/open/src/hotspot/share/interpreter/linkResolver.cpp, line 767]
Event: 11.231 Thread 0x000001c324c89000 Exception <a 'java/lang/NoSuchMethodError'{0x0000000704ceacd0}: 'void java.lang.invoke.DirectMethodHandle$Holder.invokeVirtual(java.lang.Object, java.lang.Object, long)'> (0x0000000704ceacd0) 
thrown [t:/workspace/open/src/hotspot/share/interpreter/linkResolver.cpp, line 767]
Event: 11.397 Thread 0x000001c324c89000 Exception <a 'java/lang/IncompatibleClassChangeError'{0x0000000704385968}: Found class java.lang.Object, but interface was expected> (0x0000000704385968) 
thrown [t:/workspace/open/src/hotspot/share/interpreter/linkResolver.cpp, line 833]
Event: 11.438 Thread 0x000001c324c89000 Exception <a 'java/lang/NoSuchMethodError'{0x00000007041720e8}: 'int java.lang.invoke.DirectMethodHandle$Holder.invokeStaticInit(java.lang.Object, java.lang.Object, java.lang.Object, java.lang.Object)'> (0x00000007041720e8) 
thrown [t:/workspace/open/src/hotspot/share/interpreter/linkResolver.cpp, line 767]
Event: 11.711 Thread 0x000001c324c89000 Exception <a 'java/lang/NoSuchMethodError'{0x0000000705844c48}: 'java.lang.Object java.lang.invoke.DirectMethodHandle$Holder.invokeSpecial(java.lang.Object, java.lang.Object, int, java.lang.Object, int, java.lang.Object)'> (0x0000000705844c48) 
thrown [t:/workspace/open/src/hotspot/share/interpreter/linkResolver.cpp, line 767]
Event: 11.712 Thread 0x000001c324c89000 Exception <a 'java/lang/NoSuchMethodError'{0x000000070584baa0}: 'java.lang.Object java.lang.invoke.DirectMethodHandle$Holder.invokeStatic(java.lang.Object, java.lang.Object, int, java.lang.Object, int)'> (0x000000070584baa0) 
thrown [t:/workspace/open/src/hotspot/share/interpreter/linkResolver.cpp, line 767]
Event: 11.712 Thread 0x000001c324c89000 Exception <a 'java/lang/NoSuchMethodError'{0x000000070584ee50}: 'java.lang.Object java.lang.invoke.DirectMethodHandle$Holder.invokeSpecial(java.lang.Object, java.lang.Object, java.lang.Object, int, java.lang.Object, int)'> (0x000000070584ee50) 
thrown [t:/workspace/open/src/hotspot/share/interpreter/linkResolver.cpp, line 767]
Event: 11.715 Thread 0x000001c324c89000 Exception <a 'java/lang/NoSuchMethodError'{0x0000000705864160}: 'void java.lang.invoke.DirectMethodHandle$Holder.invokeVirtual(java.lang.Object, java.lang.Object)'> (0x0000000705864160) 
thrown [t:/workspace/open/src/hotspot/share/interpreter/linkResolver.cpp, line 767]

Events (20 events):
Event: 180.004 loading class com/fasterxml/jackson/databind/PropertyMetadata done
Event: 180.005 loading class com/fasterxml/jackson/databind/ser/impl/PropertySerializerMap$SerializerAndMapResult
Event: 180.005 loading class com/fasterxml/jackson/databind/ser/impl/PropertySerializerMap$SerializerAndMapResult done
Event: 180.006 loading class com/fasterxml/jackson/databind/ser/impl/PropertySerializerMap$Single
Event: 180.006 loading class com/fasterxml/jackson/databind/ser/impl/PropertySerializerMap$Single done
Event: 180.007 loading class com/fasterxml/jackson/databind/ser/std/NumberSerializers$1
Event: 180.007 loading class com/fasterxml/jackson/databind/ser/std/NumberSerializers$1 done
Event: 180.007 loading class com/fasterxml/jackson/databind/ser/impl/PropertySerializerMap$Double
Event: 180.007 loading class com/fasterxml/jackson/databind/ser/impl/PropertySerializerMap$Double done
Event: 180.008 loading class com/fasterxml/jackson/core/io/NumberOutput
Event: 180.008 loading class com/fasterxml/jackson/core/io/NumberOutput done
Event: 180.009 loading class com/fasterxml/jackson/databind/ser/impl/PropertySerializerMap$TypeAndSerializer
Event: 180.009 loading class com/fasterxml/jackson/databind/ser/impl/PropertySerializerMap$TypeAndSerializer done
Event: 180.009 loading class com/fasterxml/jackson/databind/ser/impl/PropertySerializerMap$Multi
Event: 180.009 loading class com/fasterxml/jackson/databind/ser/impl/PropertySerializerMap$Multi done
Event: 180.012 Executing VM operation: RevokeBias
Event: 180.012 Executing VM operation: RevokeBias done
Event: 180.012 Executing VM operation: RevokeBias
Event: 180.012 Executing VM operation: RevokeBias done
Event: 184.135 Thread 0x000001c327a68800 Thread added: 0x000001c327a68800


Dynamic libraries:
0x00007ff7024a0000 - 0x00007ff7024ad000 	C:\Program Files\Java\jdk-13\bin\java.exe
0x00007ffb70750000 - 0x00007ffb70945000 	C:\WINDOWS\SYSTEM32\ntdll.dll
0x00007ffb6e9c0000 - 0x00007ffb6ea7e000 	C:\WINDOWS\System32\KERNEL32.DLL
0x00007ffb6e290000 - 0x00007ffb6e558000 	C:\WINDOWS\System32\KERNELBASE.dll
0x00007ffb6deb0000 - 0x00007ffb6dfb0000 	C:\WINDOWS\System32\ucrtbase.dll
0x00007ffb69920000 - 0x00007ffb69938000 	C:\Program Files\Java\jdk-13\bin\jli.dll
0x00007ffb6f9b0000 - 0x00007ffb6fb51000 	C:\WINDOWS\System32\USER32.dll
0x00007ffb69900000 - 0x00007ffb69915000 	C:\Program Files\Java\jdk-13\bin\VCRUNTIME140.dll
0x00007ffb6e560000 - 0x00007ffb6e582000 	C:\WINDOWS\System32\win32u.dll
0x00007ffb5dd90000 - 0x00007ffb5e02a000 	C:\WINDOWS\WinSxS\amd64_microsoft.windows.common-controls_6595b64144ccf1df_6.0.19041.1110_none_60b5254171f9507e\COMCTL32.dll
0x00007ffb6fdf0000 - 0x00007ffb6fe8e000 	C:\WINDOWS\System32\msvcrt.dll
0x00007ffb706e0000 - 0x00007ffb7070b000 	C:\WINDOWS\System32\GDI32.dll
0x00007ffb6e0c0000 - 0x00007ffb6e1cd000 	C:\WINDOWS\System32\gdi32full.dll
0x00007ffb6e590000 - 0x00007ffb6e62d000 	C:\WINDOWS\System32\msvcp_win.dll
0x00007ffb6f100000 - 0x00007ffb6f130000 	C:\WINDOWS\System32\IMM32.DLL
0x00007ffb3c760000 - 0x00007ffb3c7fb000 	C:\Program Files\Java\jdk-13\bin\msvcp140.dll
0x00007ffb0f8f0000 - 0x00007ffb10456000 	C:\Program Files\Java\jdk-13\bin\server\jvm.dll
0x00007ffb6f7b0000 - 0x00007ffb6f85c000 	C:\WINDOWS\System32\ADVAPI32.dll
0x00007ffb70640000 - 0x00007ffb706db000 	C:\WINDOWS\System32\sechost.dll
0x00007ffb6e830000 - 0x00007ffb6e95a000 	C:\WINDOWS\System32\RPCRT4.dll
0x00007ffb6f0f0000 - 0x00007ffb6f0f8000 	C:\WINDOWS\System32\PSAPI.DLL
0x00007ffb69ad0000 - 0x00007ffb69ad9000 	C:\WINDOWS\SYSTEM32\WSOCK32.dll
0x00007ffb6f890000 - 0x00007ffb6f8fb000 	C:\WINDOWS\System32\WS2_32.dll
0x00007ffb66400000 - 0x00007ffb66427000 	C:\WINDOWS\SYSTEM32\WINMM.dll
0x00007ffb6d9e0000 - 0x00007ffb6d9ea000 	C:\WINDOWS\SYSTEM32\VERSION.dll
0x00007ffb6bd00000 - 0x00007ffb6bd12000 	C:\WINDOWS\SYSTEM32\kernel.appcore.dll
0x00007ffb5cef0000 - 0x00007ffb5cf00000 	C:\Program Files\Java\jdk-13\bin\verify.dll
0x00007ffb59f90000 - 0x00007ffb5a174000 	C:\WINDOWS\SYSTEM32\DBGHELP.DLL
0x00007ffb58820000 - 0x00007ffb5884c000 	C:\WINDOWS\SYSTEM32\dbgcore.DLL
0x00007ffb6e200000 - 0x00007ffb6e282000 	C:\WINDOWS\System32\bcryptPrimitives.dll
0x00007ffb5b1e0000 - 0x00007ffb5b206000 	C:\Program Files\Java\jdk-13\bin\java.dll
0x00007ffb5bd70000 - 0x00007ffb5bd7e000 	C:\Program Files\Java\jdk-13\bin\instrument.dll
0x00007ffb5b170000 - 0x00007ffb5b187000 	C:\Program Files\Java\jdk-13\bin\zip.dll
0x00007ffb5c650000 - 0x00007ffb5c65a000 	C:\Program Files\Java\jdk-13\bin\jimage.dll
0x00007ffb6fef0000 - 0x00007ffb70634000 	C:\WINDOWS\System32\SHELL32.dll
0x00007ffb6bf00000 - 0x00007ffb6c694000 	C:\WINDOWS\SYSTEM32\windows.storage.dll
0x00007ffb6f1f0000 - 0x00007ffb6f545000 	C:\WINDOWS\System32\combase.dll
0x00007ffb6d840000 - 0x00007ffb6d86e000 	C:\WINDOWS\SYSTEM32\Wldp.dll
0x00007ffb6f900000 - 0x00007ffb6f9ad000 	C:\WINDOWS\System32\SHCORE.dll
0x00007ffb6f190000 - 0x00007ffb6f1e5000 	C:\WINDOWS\System32\shlwapi.dll
0x00007ffb6dda0000 - 0x00007ffb6ddbf000 	C:\WINDOWS\SYSTEM32\profapi.dll
0x00007ffb5b150000 - 0x00007ffb5b169000 	C:\Program Files\Java\jdk-13\bin\net.dll
0x00007ffb68570000 - 0x00007ffb6867c000 	C:\WINDOWS\SYSTEM32\WINHTTP.dll
0x00007ffb5c290000 - 0x00007ffb5c47b000 	C:\WINDOWS\SYSTEM32\urlmon.dll
0x00007ffb5b690000 - 0x00007ffb5b940000 	C:\WINDOWS\SYSTEM32\iertutil.dll
0x00007ffb5c660000 - 0x00007ffb5c688000 	C:\WINDOWS\SYSTEM32\srvcli.dll
0x00007ffb6d280000 - 0x00007ffb6d28c000 	C:\WINDOWS\SYSTEM32\netutils.dll
0x00007ffb6d5a0000 - 0x00007ffb6d60a000 	C:\WINDOWS\system32\mswsock.dll
0x00007ffb49d10000 - 0x00007ffb49d23000 	C:\Program Files\Java\jdk-13\bin\nio.dll
0x00007ffb49cf0000 - 0x00007ffb49d0a000 	C:\Program Files\JetBrains\IntelliJ IDEA 2021.2.3\bin\breakgen64.dll
0x00007ffb6d290000 - 0x00007ffb6d35b000 	C:\WINDOWS\SYSTEM32\DNSAPI.dll
0x00007ffb6d240000 - 0x00007ffb6d27b000 	C:\WINDOWS\SYSTEM32\IPHLPAPI.DLL
0x00007ffb6e820000 - 0x00007ffb6e828000 	C:\WINDOWS\System32\NSI.dll
0x00007ffb66310000 - 0x00007ffb6631a000 	C:\Windows\System32\rasadhlp.dll
0x00007ffb60ce0000 - 0x00007ffb60d5f000 	C:\WINDOWS\System32\fwpuclnt.dll
0x00007ffb6e1d0000 - 0x00007ffb6e1f7000 	C:\WINDOWS\System32\bcrypt.dll
0x00007ffb5c0b0000 - 0x00007ffb5c0b9000 	C:\Program Files\Java\jdk-13\bin\management.dll
0x00007ffb5be30000 - 0x00007ffb5be3b000 	C:\Program Files\Java\jdk-13\bin\management_ext.dll
0x00007ffb6d790000 - 0x00007ffb6d7a8000 	C:\WINDOWS\SYSTEM32\CRYPTSP.dll
0x00007ffb6ceb0000 - 0x00007ffb6cee4000 	C:\WINDOWS\system32\rsaenh.dll
0x00007ffb6dd20000 - 0x00007ffb6dd4e000 	C:\WINDOWS\SYSTEM32\USERENV.dll
0x00007ffb6d7b0000 - 0x00007ffb6d7bc000 	C:\WINDOWS\SYSTEM32\CRYPTBASE.dll
0x00007ffb674e0000 - 0x00007ffb674f7000 	C:\WINDOWS\SYSTEM32\dhcpcsvc6.DLL
0x00007ffb674c0000 - 0x00007ffb674dd000 	C:\WINDOWS\SYSTEM32\dhcpcsvc.DLL
0x00007ffb4a9d0000 - 0x00007ffb4a9e7000 	C:\WINDOWS\system32\napinsp.dll
0x00007ffb4a9b0000 - 0x00007ffb4a9cb000 	C:\WINDOWS\system32\pnrpnsp.dll
0x00007ffb4a990000 - 0x00007ffb4a9a5000 	C:\WINDOWS\system32\wshbth.dll
0x00007ffb697d0000 - 0x00007ffb697ed000 	C:\WINDOWS\system32\NLAapi.dll
0x00007ffb4a970000 - 0x00007ffb4a982000 	C:\WINDOWS\System32\winrnr.dll

dbghelp: loaded successfully - version: 4.0.5 - missing functions: none
symbol engine: initialized successfully - sym options: 0x614 - pdb path: .;C:\Program Files\Java\jdk-13\bin;C:\WINDOWS\SYSTEM32;C:\WINDOWS\WinSxS\amd64_microsoft.windows.common-controls_6595b64144ccf1df_6.0.19041.1110_none_60b5254171f9507e;C:\Program Files\Java\jdk-13\bin\server;C:\Program Files\JetBrains\IntelliJ IDEA 2021.2.3\bin

VM Arguments:
jvm_args: -XX:TieredStopAtLevel=1 -Xverify:none -Dspring.output.ansi.enabled=always -javaagent:C:\Program Files\JetBrains\IntelliJ IDEA 2021.2.3\lib\idea_rt.jar=54487:C:\Program Files\JetBrains\IntelliJ IDEA 2021.2.3\bin -Dcom.sun.management.jmxremote -Dspring.jmx.enabled=true -Dspring.liveBeansView.mbeanDomain -Dspring.application.admin.enabled=true -Dfile.encoding=UTF-8 
java_command: pt.ulusofona.tfc.trabalho.TrabalhoApplication
java_class_path (initial): C:\Users\Tiago\IdeaProjects\TFC-DEISI221\target\classes;C:\Users\Tiago\.m2\repository\org\springframework\boot\spring-boot-starter-data-jpa\2.5.5\spring-boot-starter-data-jpa-2.5.5.jar;C:\Users\Tiago\.m2\repository\org\springframework\boot\spring-boot-starter-aop\2.5.5\spring-boot-starter-aop-2.5.5.jar;C:\Users\Tiago\.m2\repository\org\aspectj\aspectjweaver\1.9.7\aspectjweaver-1.9.7.jar;C:\Users\Tiago\.m2\repository\org\springframework\boot\spring-boot-starter-jdbc\2.5.5\spring-boot-starter-jdbc-2.5.5.jar;C:\Users\Tiago\.m2\repository\com\zaxxer\HikariCP\4.0.3\HikariCP-4.0.3.jar;C:\Users\Tiago\.m2\repository\org\springframework\spring-jdbc\5.3.10\spring-jdbc-5.3.10.jar;C:\Users\Tiago\.m2\repository\jakarta\transaction\jakarta.transaction-api\1.3.3\jakarta.transaction-api-1.3.3.jar;C:\Users\Tiago\.m2\repository\jakarta\persistence\jakarta.persistence-api\2.2.3\jakarta.persistence-api-2.2.3.jar;C:\Users\Tiago\.m2\repository\org\hibernate\hibernate-core\5.4.32.Final\hibernate-core-5.4.32.Final.jar;C:\Users\Tiago\.m2\repository\org\jboss\logging\jboss-logging\3.4.2.Final\jboss-logging-3.4.2.Final.jar;C:\Users\Tiago\.m2\repository\org\javassist\javassist\3.27.0-GA\javassist-3.27.0-GA.jar;C:\Users\Tiago\.m2\repository\net\bytebuddy\byte-buddy\1.10.22\byte-buddy-1.10.22.jar;C:\Users\Tiago\.m2\repository\antlr\antlr\2.7.7\antlr-2.7.7.jar;C:\Users\Tiago\.m2\repository\org\jboss\jandex\2.2.3.Final\jandex-2.2.3.Final.jar;C:\Users\Tiago\.m2\repository\com\fasterxml\classmate\1.5.1\classmate-1.5.1.jar;C:\Users\Tiago\.m2\repository\org\dom4j\dom4j\2.1.3\dom4j-2.1.3.jar;C:\Users\Tiago\.m2\repository\org\hibernate\common\hibernate-commons-annotations\5.1.2.Final\hibernate-commons-annotations-5.1.2.Final.jar;C:\Users\Tiago\.m2\repository\org\glassfish\jaxb\jaxb-runtime\2.3.5\jaxb-runtime-2.3.5.jar;C:\Users\Tiago\.m2\repository\org\glassfish\jaxb\txw2\2.3.5\txw2-2.3.5.jar;C:\Users\Tiago\.m2\repository\com\sun\istack\istack-commons-runtime\3.0.12\istack-co
Launcher Type: SUN_STANDARD

[Global flags]
     intx CICompilerCount                          = 3                                         {product} {ergonomic}
     uint ConcGCThreads                            = 1                                         {product} {ergonomic}
     uint G1ConcRefinementThreads                  = 4                                         {product} {ergonomic}
   size_t G1HeapRegionSize                         = 1048576                                   {product} {ergonomic}
    uintx GCDrainStackTargetSize                   = 64                                        {product} {ergonomic}
   size_t InitialHeapSize                          = 268435456                                 {product} {ergonomic}
     bool ManagementServer                         = true                                      {product} {command line}
   size_t MarkStackSize                            = 4194304                                   {product} {ergonomic}
   size_t MaxHeapSize                              = 4282384384                                {product} {ergonomic}
   size_t MaxNewSize                               = 2569011200                                {product} {ergonomic}
   size_t MinHeapDeltaBytes                        = 1048576                                   {product} {ergonomic}
   size_t MinHeapSize                              = 8388608                                   {product} {ergonomic}
    uintx NonNMethodCodeHeapSize                   = 6973028                                {pd product} {ergonomic}
    uintx NonProfiledCodeHeapSize                  = 244685212                              {pd product} {ergonomic}
    uintx ProfiledCodeHeapSize                     = 0                                      {pd product} {ergonomic}
    uintx ReservedCodeCacheSize                    = 251658240                              {pd product} {ergonomic}
     bool SegmentedCodeCache                       = true                                      {product} {ergonomic}
   size_t SoftMaxHeapSize                          = 4282384384                             {manageable} {ergonomic}
     intx TieredStopAtLevel                        = 1                                         {product} {command line}
     bool UseCompressedClassPointers               = true                                 {lp64_product} {ergonomic}
     bool UseCompressedOops                        = true                                 {lp64_product} {ergonomic}
     bool UseG1GC                                  = true                                      {product} {ergonomic}
     bool UseLargePagesIndividualAllocation        = false                                  {pd product} {ergonomic}

Logging:
Log output configuration:
 #0: stdout all=warning uptime,level,tags
 #1: stderr all=off uptime,level,tags

Environment Variables:
PATH=C:\Program Files\Common Files\Oracle\Java\javapath;C:\Program Files (x86)\NVIDIA Corporation\PhysX\Common;C:\WINDOWS\system32;C:\WINDOWS;C:\WINDOWS\System32\Wbem;C:\WINDOWS\System32\WindowsPowerShell\v1.0\;C:\WINDOWS\System32\OpenSSH\;C:\Program Files\dotnet\;C:\Program Files\Git\cmd;C:\Program Files\nodejs\;C:\Program Files\MySQL\MySQL Shell 8.0\bin\;C:\Users\Tiago\AppData\Local\Programs\Python\Python39\Scripts\;C:\Users\Tiago\AppData\Local\Programs\Python\Python39\;C:\Users\Tiago\AppData\Local\Microsoft\WindowsApps;;C:\Users\Tiago\AppData\Local\Programs\Microsoft VS Code\bin;C:\Users\Tiago\.dotnet\tools;C:\Program Files\heroku\bin;C:\Users\Tiago\AppData\Roaming\npm
USERNAME=Tiago
OS=Windows_NT
PROCESSOR_IDENTIFIER=Intel64 Family 6 Model 62 Stepping 4, GenuineIntel



---------------  S Y S T E M  ---------------

OS: Windows 10 , 64 bit Build 19041 (10.0.19041.1348)

CPU:total 4 (initial active 4) (4 cores per cpu, 1 threads per core) family 6 model 62 stepping 4, cmov, cx8, fxsr, mmx, sse, sse2, sse3, ssse3, sse4.1, sse4.2, popcnt, avx, aes, clmul, erms, tsc, tscinvbit

Memory: 4k page, system-wide physical 16328M (9523M free)
TotalPageFile size 18760M (AvailPageFile size 8974M)
current process WorkingSet (physical memory assigned to process): 247M, peak: 247M
current process commit charge ("private bytes"): 284M, peak: 374M

vm_info: OpenJDK 64-Bit Server VM (13+33) for windows-amd64 JRE (13+33), built on Aug  9 2019 11:21:18 by "mach5one" with unknown MS VC++:1916

END.
